-- The C compiler identification is GNU 11.4.0
-- Detecting C compiler ABI info
-- Detecting C compiler ABI info - done
-- Check for working C compiler: /usr/bin/cc - skipped
-- Detecting C compile features
-- Detecting C compile features - done
-- Setting build type to 'RelWithDebInfo' as none was specified.
-- Looking for getopt.h
-- Looking for getopt.h - found
-- Building with OpenSSL support
-- Looking for stdint.h
-- Looking for stdint.h - found
-- Looking for inttypes.h
-- Looking for inttypes.h - found
-- Looking for sys/types.h
-- Looking for sys/types.h - found
-- Looking for stdint.h
-- Looking for stdint.h - found
-- Looking for stddef.h
-- Looking for stddef.h - found
-- Check size of intmax_t
-- Check size of intmax_t - done
-- Looking for stpcpy
-- Looking for stpcpy - found
-- Looking for strlcpy
-- Looking for strlcpy - not found
-- Looking for strlcat
-- Looking for strlcat - not found
-- Performing Test COMPILER_HAS_HIDDEN_VISIBILITY
-- Performing Test COMPILER_HAS_HIDDEN_VISIBILITY - Success
-- Performing Test COMPILER_HAS_HIDDEN_INLINE_VISIBILITY
-- Performing Test COMPILER_HAS_HIDDEN_INLINE_VISIBILITY - Failed
-- Performing Test COMPILER_HAS_DEPRECATED_ATTR
-- Performing Test COMPILER_HAS_DEPRECATED_ATTR - Success
-- Looking for gethostname
-- Looking for gethostname - found
-- Looking for inet_ntop
-- Looking for inet_ntop - found
-- Looking for inet_pton
-- Looking for inet_pton - found
-- Looking for getaddrinfo
-- Looking for getaddrinfo - found
-- Looking for gethostbyname_r
-- Looking for gethostbyname_r - found
-- Check size of struct sockaddr_in6
-- Check size of struct sockaddr_in6 - done
-- Looking for pthread.h
-- Looking for pthread.h - found
-- Performing Test CMAKE_HAVE_LIBC_PTHREAD
-- Performing Test CMAKE_HAVE_LIBC_PTHREAD - Success
-- Found Threads: TRUE  
-- Looking for clock_gettime in c
-- Looking for clock_gettime in c - found
-- Configuring done
-- Generating done
-- Build files have been written to: /mnt/nvme_partition/workspaces/lse_go2_ws/src/unitree_ros2/cyclonedds_ws/build/cyclonedds
[  1%] [34m[1mGenerating src/md5.c[0m
[  2%] [34m[1mGenerating include/idl/attributes.h[0m
[  2%] [34m[1mGenerating include/idl/endian.h[0m
[  2%] [34m[1mGenerating include/idl/md5.h[0m
[  2%] [34m[1mGenerating include/idl/misc.h[0m
[  3%] [32mBuilding C object src/tools/idlpp/CMakeFiles/idlpp.dir/src/directive.c.o[0m
[  3%] Built target _confgen
[  3%] [32mBuilding C object src/tools/idlpp/CMakeFiles/idlpp.dir/src/eval.c.o[0m
[  3%] [32mBuilding C object src/tools/idlpp/CMakeFiles/idlpp.dir/src/mbchar.c.o[0m
[  4%] [32mBuilding C object src/tools/idlpp/CMakeFiles/idlpp.dir/src/expand.c.o[0m
[  4%] [32mBuilding C object src/tools/idlpp/CMakeFiles/idlpp.dir/src/main.c.o[0m
[  5%] [32mBuilding C object src/tools/idlpp/CMakeFiles/idlpp.dir/src/support.c.o[0m
[  5%] [32mBuilding C object src/tools/idlpp/CMakeFiles/idlpp.dir/src/system.c.o[0m
[  6%] [32mBuilding C object src/ddsrt/CMakeFiles/ddsrt-internal.dir/src/atomics.c.o[0m
[  7%] [32mBuilding C object src/ddsrt/CMakeFiles/ddsrt-internal.dir/src/retcode.c.o[0m
[  7%] [32mBuilding C object src/ddsrt/CMakeFiles/ddsrt-internal.dir/src/avl.c.o[0m
[  7%] [32mBuilding C object src/ddsrt/CMakeFiles/ddsrt-internal.dir/src/bswap.c.o[0m
[  7%] [32mBuilding C object src/ddsrt/CMakeFiles/ddsrt-internal.dir/src/strtol.c.o[0m
[  8%] [32mBuilding C object src/ddsrt/CMakeFiles/ddsrt-internal.dir/src/environ.c.o[0m
[  8%] [32mBuilding C object src/ddsrt/CMakeFiles/ddsrt-internal.dir/src/io.c.o[0m
[  8%] [32mBuilding C object src/ddsrt/CMakeFiles/ddsrt-internal.dir/src/log.c.o[0m
[ 10%] [32mBuilding C object src/ddsrt/CMakeFiles/ddsrt-internal.dir/src/expand_vars.c.o[0m
[ 10%] [32mBuilding C object src/ddsrt/CMakeFiles/ddsrt-internal.dir/src/mh3.c.o[0m
[ 10%] [32mBuilding C object src/ddsrt/CMakeFiles/ddsrt-internal.dir/src/strtod.c.o[0m
[ 10%] [32mBuilding C object src/ddsrt/CMakeFiles/ddsrt-internal.dir/src/fibheap.c.o[0m
[ 11%] [32mBuilding C object src/ddsrt/CMakeFiles/ddsrt-internal.dir/src/sockets.c.o[0m
[ 11%] [32mBuilding C object src/ddsrt/CMakeFiles/ddsrt-internal.dir/src/threads.c.o[0m
[ 12%] [32mBuilding C object src/ddsrt/CMakeFiles/ddsrt-internal.dir/src/ifaddrs.c.o[0m
[ 12%] [32mBuilding C object src/ddsrt/CMakeFiles/ddsrt-internal.dir/src/circlist.c.o[0m
[ 12%] [32mBuilding C object src/ddsrt/CMakeFiles/ddsrt-internal.dir/src/string.c.o[0m
[ 13%] [32mBuilding C object src/ddsrt/CMakeFiles/ddsrt-internal.dir/src/hopscotch.c.o[0m
[ 13%] [32mBuilding C object src/ddsrt/CMakeFiles/ddsrt-internal.dir/src/random.c.o[0m
[ 13%] [32mBuilding C object src/ddsrt/CMakeFiles/ddsrt-internal.dir/src/cdtors.c.o[0m
[ 14%] [32mBuilding C object src/ddsrt/CMakeFiles/ddsrt-internal.dir/src/xmlparser.c.o[0m
[ 14%] [32mBuilding C object src/ddsrt/CMakeFiles/ddsrt-internal.dir/src/md5.c.o[0m
[ 14%] [32mBuilding C object src/ddsrt/CMakeFiles/ddsrt-internal.dir/src/time.c.o[0m
[ 14%] [32mBuilding C object src/core/CMakeFiles/ddsc.dir/ddsi/src/ddsi_eth.c.o[0m
[ 14%] [32mBuilding C object src/idl/CMakeFiles/idl.dir/src/symbol.c.o[0m
[ 15%] [32mBuilding C object src/idl/CMakeFiles/idl.dir/src/directive.c.o[0m
[ 15%] [32mBuilding C object src/idl/CMakeFiles/idl.dir/src/expression.c.o[0m
[ 16%] [32mBuilding C object src/core/CMakeFiles/ddsc.dir/ddsi/src/ddsi_ssl.c.o[0m
[ 16%] [32mBuilding C object src/ddsrt/CMakeFiles/ddsrt-internal.dir/src/sockets/posix/socket.c.o[0m
[ 16%] [32mBuilding C object src/idl/CMakeFiles/idl.dir/src/file.c.o[0m
[ 16%] [32mBuilding C object src/core/CMakeFiles/ddsc.dir/ddsi/src/ddsi_tcp.c.o[0m
[ 16%] [32mBuilding C object src/ddsrt/CMakeFiles/ddsrt-internal.dir/src/sockets/posix/gethostname.c.o[0m
[ 16%] [32mBuilding C object src/core/CMakeFiles/ddsc.dir/ddsi/src/ddsi_tran.c.o[0m
[ 17%] [32mBuilding C object src/core/CMakeFiles/ddsc.dir/ddsi/src/ddsi_udp.c.o[0m
[ 18%] [32mBuilding C object src/ddsrt/CMakeFiles/ddsrt-internal.dir/src/ifaddrs/posix/ifaddrs.c.o[0m
[ 19%] [32mBuilding C object src/ddsrt/CMakeFiles/ddsrt-internal.dir/src/dynlib/posix/dynlib.c.o[0m
[ 19%] [32mBuilding C object src/ddsrt/CMakeFiles/ddsrt-internal.dir/src/heap/posix/heap.c.o[0m
[ 19%] [32mBuilding C object src/ddsrt/CMakeFiles/ddsrt-internal.dir/src/environ/posix/environ.c.o[0m
[ 20%] [32mBuilding C object src/ddsrt/CMakeFiles/ddsrt-internal.dir/src/filesystem/posix/filesystem.c.o[0m
[ 20%] [32mBuilding C object src/core/CMakeFiles/ddsc.dir/ddsi/src/ddsi_raweth.c.o[0m
[ 21%] [32mBuilding C object src/core/CMakeFiles/ddsc.dir/ddsi/src/ddsi_vnet.c.o[0m
[ 22%] [32mBuilding C object src/core/CMakeFiles/ddsc.dir/ddsi/src/ddsi_mcgroup.c.o[0m
[ 22%] [32mBuilding C object src/core/CMakeFiles/ddsc.dir/ddsi/src/ddsi_security_util.c.o[0m
[ 22%] [32mBuilding C object src/core/CMakeFiles/ddsc.dir/ddsi/src/ddsi_ipaddr.c.o[0m
[ 22%] [32mBuilding C object src/ddsrt/CMakeFiles/ddsrt-internal.dir/src/process/posix/process.c.o[0m
[ 23%] [32mBuilding C object src/idl/CMakeFiles/idl.dir/src/processor.c.o[0m
[ 24%] [32mBuilding C object src/core/CMakeFiles/ddsc.dir/ddsi/src/ddsi_security_omg.c.o[0m
[ 24%] [32mBuilding C object src/ddsrt/CMakeFiles/ddsrt-internal.dir/src/random/posix/random.c.o[0m
[ 24%] [32mBuilding C object src/ddsrt/CMakeFiles/ddsrt-internal.dir/src/sync/posix/sync.c.o[0m
[ 24%] [32mBuilding C object src/idl/CMakeFiles/idl.dir/src/scanner.c.o[0m
[ 24%] [32mBuilding C object src/ddsrt/CMakeFiles/ddsrt-internal.dir/src/threads/posix/threads.c.o[0m
[ 25%] [32mBuilding C object src/ddsrt/CMakeFiles/ddsrt-internal.dir/src/netstat/linux/netstat.c.o[0m
[ 25%] [32mBuilding C object src/ddsrt/CMakeFiles/ddsrt-internal.dir/src/time/posix/time.c.o[0m
[ 26%] [32mBuilding C object src/ddsrt/CMakeFiles/ddsrt-internal.dir/src/rusage/posix/rusage.c.o[0m
[ 26%] [32mBuilding C object src/core/CMakeFiles/ddsc.dir/ddsi/src/ddsi_portmapping.c.o[0m
[ 27%] [32mBuilding C object src/core/CMakeFiles/ddsc.dir/ddsi/src/ddsi_handshake.c.o[0m
[ 27%] [32mBuilding C object src/core/CMakeFiles/ddsc.dir/ddsi/src/ddsi_serdata.c.o[0m
[ 28%] [32mBuilding C object src/idl/CMakeFiles/idl.dir/src/string.c.o[0m
[ 28%] [32mBuilding C object src/idl/CMakeFiles/idl.dir/src/annotation.c.o[0m
[ 28%] [32mBuilding C object src/idl/CMakeFiles/idl.dir/src/scope.c.o[0m
[ 29%] [32mBuilding C object src/idl/CMakeFiles/idl.dir/src/tree.c.o[0m
[ 30%] [32mBuilding C object src/idl/CMakeFiles/idl.dir/src/visit.c.o[0m
[ 30%] [32mBuilding C object src/core/CMakeFiles/ddsc.dir/ddsi/src/ddsi_serdata_default.c.o[0m
[ 30%] [32mBuilding C object src/idl/CMakeFiles/idl.dir/src/print.c.o[0m
[ 30%] [32mBuilding C object src/core/CMakeFiles/ddsc.dir/ddsi/src/ddsi_serdata_pserop.c.o[0m
[ 31%] [32mBuilding C object src/idl/CMakeFiles/idl.dir/src/keylist.c.o[0m
[ 31%] [32mBuilding C object src/core/CMakeFiles/ddsc.dir/ddsi/src/ddsi_serdata_plist.c.o[0m
[ 32%] [32mBuilding C object src/core/CMakeFiles/ddsc.dir/ddsi/src/ddsi_sertype.c.o[0m
[ 32%] [32mBuilding C object src/core/CMakeFiles/ddsc.dir/ddsi/src/ddsi_sertype_default.c.o[0m
[ 33%] [32mBuilding C object src/core/CMakeFiles/ddsc.dir/ddsi/src/ddsi_sertype_pserop.c.o[0m
[ 33%] [32mBuilding C object src/core/CMakeFiles/ddsc.dir/ddsi/src/ddsi_sertype_plist.c.o[0m
[ 33%] [32mBuilding C object src/idl/CMakeFiles/idl.dir/src/hashid.c.o[0m
[ 33%] [32mBuilding C object src/core/CMakeFiles/ddsc.dir/ddsi/src/ddsi_sertopic.c.o[0m
[ 34%] [32mBuilding C object src/idl/CMakeFiles/idl.dir/src/parser.c.o[0m
[ 35%] [32mBuilding C object src/core/CMakeFiles/ddsc.dir/ddsi/src/ddsi_statistics.c.o[0m
[ 35%] [32mBuilding C object src/core/CMakeFiles/ddsc.dir/ddsi/src/ddsi_iid.c.o[0m
[ 35%] [32mBuilding C object src/idl/CMakeFiles/idl.dir/src/md5.c.o[0m
[ 35%] [32mBuilding C object src/core/CMakeFiles/ddsc.dir/ddsi/src/ddsi_tkmap.c.o[0m
[ 36%] [32mBuilding C object src/core/CMakeFiles/ddsc.dir/ddsi/src/ddsi_vendor.c.o[0m
[ 36%] [32mBuilding C object src/core/CMakeFiles/ddsc.dir/ddsi/src/ddsi_threadmon.c.o[0m
[ 37%] [32mBuilding C object src/core/CMakeFiles/ddsc.dir/ddsi/src/ddsi_rhc.c.o[0m
[ 37%] [32mBuilding C object src/core/CMakeFiles/ddsc.dir/ddsi/src/ddsi_pmd.c.o[0m
[ 37%] [32m[1mLinking C static library ../../lib/libddsrt-internal.a[0m
[ 37%] [32mBuilding C object src/core/CMakeFiles/ddsc.dir/ddsi/src/ddsi_entity_index.c.o[0m
[ 37%] [32mBuilding C object src/core/CMakeFiles/ddsc.dir/ddsi/src/ddsi_deliver_locally.c.o[0m
[ 38%] [32mBuilding C object src/core/CMakeFiles/ddsc.dir/ddsi/src/ddsi_deadline.c.o[0m
[ 39%] [32mBuilding C object src/core/CMakeFiles/ddsc.dir/ddsi/src/ddsi_plist.c.o[0m
[ 39%] [32mBuilding C object src/core/CMakeFiles/ddsc.dir/ddsi/src/ddsi_cdrstream.c.o[0m
[ 39%] [32mBuilding C object src/core/CMakeFiles/ddsc.dir/ddsi/src/ddsi_config.c.o[0m
[ 39%] [32mBuilding C object src/core/CMakeFiles/ddsc.dir/ddsi/src/ddsi_ownip.c.o[0m
[ 39%] [32mBuilding C object src/core/CMakeFiles/ddsc.dir/ddsi/src/ddsi_acknack.c.o[0m
[ 40%] [32mBuilding C object src/core/CMakeFiles/ddsc.dir/ddsi/src/ddsi_time.c.o[0m
[ 41%] [32mBuilding C object src/core/CMakeFiles/ddsc.dir/ddsi/src/ddsi_list_genptr.c.o[0m
[ 41%] [32mBuilding C object src/core/CMakeFiles/ddsc.dir/ddsi/src/ddsi_wraddrset.c.o[0m
[ 42%] [32mBuilding C object src/core/CMakeFiles/ddsc.dir/ddsi/src/ddsi_typelib.c.o[0m
[ 42%] [32mBuilding C object src/core/CMakeFiles/ddsc.dir/ddsi/src/ddsi_entity.c.o[0m
[ 42%] [32mBuilding C object src/core/CMakeFiles/ddsc.dir/ddsi/src/ddsi_entity_match.c.o[0m
[ 42%] Built target ddsrt-internal
[ 44%] [32mBuilding C object src/core/CMakeFiles/ddsc.dir/ddsi/src/ddsi_participant.c.o[0m
[ 44%] [32mBuilding C object src/core/CMakeFiles/ddsc.dir/ddsi/src/ddsi_proxy_participant.c.o[0m
[ 44%] [32mBuilding C object src/core/CMakeFiles/ddsc.dir/ddsi/src/ddsi_topic.c.o[0m
[ 44%] [32mBuilding C object src/core/CMakeFiles/ddsc.dir/ddsi/src/ddsi_proxy_endpoint.c.o[0m
[ 44%] [32mBuilding C object src/core/CMakeFiles/ddsc.dir/ddsi/src/ddsi_endpoint.c.o[0m
[ 45%] [32mBuilding C object src/core/CMakeFiles/ddsc.dir/ddsi/src/q_addrset.c.o[0m
[ 45%] [32mBuilding C object src/core/CMakeFiles/ddsc.dir/ddsi/src/q_bswap.c.o[0m
[ 45%] [32mBuilding C object src/core/CMakeFiles/ddsc.dir/ddsi/src/q_bitset_inlines.c.o[0m
[ 46%] [32mBuilding C object src/core/CMakeFiles/ddsc.dir/ddsi/src/q_ddsi_discovery.c.o[0m
[ 46%] [32mBuilding C object src/core/CMakeFiles/ddsc.dir/ddsi/src/q_debmon.c.o[0m
[ 47%] [32mBuilding C object src/core/CMakeFiles/ddsc.dir/ddsi/src/q_gc.c.o[0m
[ 47%] [32mBuilding C object src/core/CMakeFiles/ddsc.dir/ddsi/src/q_init.c.o[0m
[ 47%] [32mBuilding C object src/core/CMakeFiles/ddsc.dir/ddsi/src/q_lat_estim.c.o[0m
[ 48%] [32mBuilding C object src/core/CMakeFiles/ddsc.dir/ddsi/src/q_lease.c.o[0m
[ 48%] [32mBuilding C object src/core/CMakeFiles/ddsc.dir/ddsi/src/q_misc.c.o[0m
[ 49%] [32mBuilding C object src/core/CMakeFiles/ddsc.dir/ddsi/src/q_pcap.c.o[0m
[ 49%] [32mBuilding C object src/core/CMakeFiles/ddsc.dir/ddsi/src/q_qosmatch.c.o[0m
[ 49%] [32mBuilding C object src/core/CMakeFiles/ddsc.dir/ddsi/src/q_radmin.c.o[0m
[ 50%] [32mBuilding C object src/core/CMakeFiles/ddsc.dir/ddsi/src/q_receive.c.o[0m
[ 50%] [32mBuilding C object src/core/CMakeFiles/ddsc.dir/ddsi/src/q_sockwaitset.c.o[0m
[ 50%] [32mBuilding C object src/core/CMakeFiles/ddsc.dir/ddsi/src/q_thread.c.o[0m
[ 51%] [32mBuilding C object src/core/CMakeFiles/ddsc.dir/ddsi/src/q_transmit.c.o[0m
[ 52%] [32mBuilding C object src/core/CMakeFiles/ddsc.dir/ddsi/src/q_inverse_uint32_set.c.o[0m
[ 52%] [32mBuilding C object src/core/CMakeFiles/ddsc.dir/ddsi/src/q_whc.c.o[0m
[ 52%] [32mBuilding C object src/core/CMakeFiles/ddsc.dir/ddsi/src/q_xevent.c.o[0m
[ 52%] [32mBuilding C object src/core/CMakeFiles/ddsc.dir/ddsi/src/q_xmsg.c.o[0m
[ 53%] [32mBuilding C object src/core/CMakeFiles/ddsc.dir/ddsi/src/q_freelist.c.o[0m
[ 53%] [32mBuilding C object src/core/CMakeFiles/ddsc.dir/ddsi/src/sysdeps.c.o[0m
[ 53%] [32mBuilding C object src/core/CMakeFiles/ddsc.dir/ddsi/src/ddsi_xt_typeinfo.c.o[0m
[ 53%] [32mBuilding C object src/core/CMakeFiles/ddsc.dir/ddsi/src/ddsi_xt_typelookup.c.o[0m
[ 54%] [32mBuilding C object src/core/CMakeFiles/ddsc.dir/ddsi/src/ddsi_xt_typemap.c.o[0m
[ 55%] [32mBuilding C object src/core/CMakeFiles/ddsc.dir/ddsi/src/ddsi_lifespan.c.o[0m
[ 55%] [32mBuilding C object src/core/CMakeFiles/ddsc.dir/ddsi/src/ddsi_typelookup.c.o[0m
[ 55%] [32mBuilding C object src/core/CMakeFiles/ddsc.dir/ddsi/src/ddsi_typewrap.c.o[0m
[ 56%] [32mBuilding C object src/core/CMakeFiles/ddsc.dir/ddsi/src/ddsi_typebuilder.c.o[0m
[ 56%] [32mBuilding C object src/core/CMakeFiles/ddsc.dir/ddsi/src/ddsi_security_msg.c.o[0m
[ 57%] [32mBuilding C object src/core/CMakeFiles/ddsc.dir/ddsi/src/ddsi_security_exchange.c.o[0m
[ 57%] [32mBuilding C object src/core/CMakeFiles/ddsc.dir/ddsi/defconfig.c.o[0m
[ 57%] [32mBuilding C object src/core/CMakeFiles/ddsc.dir/ddsc/src/dds_alloc.c.o[0m
[ 58%] [32mBuilding C object src/core/CMakeFiles/ddsc.dir/ddsc/src/dds_builtin.c.o[0m
[ 58%] [32mBuilding C object src/core/CMakeFiles/ddsc.dir/ddsc/src/dds_coherent.c.o[0m
[ 59%] [32m[1mLinking C static library ../../../lib/libidlpp.a[0m
[ 60%] [32mBuilding C object src/core/CMakeFiles/ddsc.dir/ddsc/src/dds_participant.c.o[0m
[ 60%] [32mBuilding C object src/core/CMakeFiles/ddsc.dir/ddsc/src/dds_reader.c.o[0m
[ 60%] [32mBuilding C object src/core/CMakeFiles/ddsc.dir/ddsc/src/dds_writer.c.o[0m
[ 61%] [32mBuilding C object src/core/CMakeFiles/ddsc.dir/ddsc/src/dds_init.c.o[0m
[ 61%] [32mBuilding C object src/core/CMakeFiles/ddsc.dir/ddsc/src/dds_publisher.c.o[0m
[ 61%] [32mBuilding C object src/core/CMakeFiles/ddsc.dir/ddsc/src/dds_rhc.c.o[0m
[ 61%] Built target idlpp
[ 62%] [32mBuilding C object src/core/CMakeFiles/ddsc.dir/ddsc/src/dds_rhc_default.c.o[0m
[ 63%] [32mBuilding C object src/core/CMakeFiles/ddsc.dir/ddsc/src/dds_instance.c.o[0m
[ 63%] [32mBuilding C object src/core/CMakeFiles/ddsc.dir/ddsc/src/dds_domain.c.o[0m
[ 63%] [32mBuilding C object src/core/CMakeFiles/ddsc.dir/ddsc/src/dds_qos.c.o[0m
[ 63%] [32mBuilding C object src/core/CMakeFiles/ddsc.dir/ddsc/src/dds_handles.c.o[0m
[ 64%] [32mBuilding C object src/core/CMakeFiles/ddsc.dir/ddsc/src/dds_entity.c.o[0m
[ 64%] [32mBuilding C object src/core/CMakeFiles/ddsc.dir/ddsc/src/dds_matched.c.o[0m
[ 65%] [32mBuilding C object src/core/CMakeFiles/ddsc.dir/ddsc/src/dds_querycond.c.o[0m
[ 65%] [32mBuilding C object src/core/CMakeFiles/ddsc.dir/ddsc/src/dds_topic.c.o[0m
[ 65%] [32mBuilding C object src/core/CMakeFiles/ddsc.dir/ddsc/src/dds_listener.c.o[0m
[ 66%] [32mBuilding C object src/core/CMakeFiles/ddsc.dir/ddsc/src/dds_read.c.o[0m
[ 66%] [32mBuilding C object src/core/CMakeFiles/ddsc.dir/ddsc/src/dds_waitset.c.o[0m
[ 66%] [32mBuilding C object src/core/CMakeFiles/ddsc.dir/ddsc/src/dds_readcond.c.o[0m
[ 67%] [32mBuilding C object src/core/CMakeFiles/ddsc.dir/ddsc/src/dds_guardcond.c.o[0m
[ 67%] [32mBuilding C object src/core/CMakeFiles/ddsc.dir/ddsc/src/dds_statistics.c.o[0m
[ 68%] [32mBuilding C object src/core/CMakeFiles/ddsc.dir/ddsc/src/dds_subscriber.c.o[0m
[ 68%] [32mBuilding C object src/core/CMakeFiles/ddsc.dir/ddsc/src/dds_write.c.o[0m
[ 68%] [32mBuilding C object src/core/CMakeFiles/ddsc.dir/ddsc/src/dds_whc.c.o[0m
[ 69%] [32mBuilding C object src/core/CMakeFiles/ddsc.dir/ddsc/src/dds_whc_builtintopic.c.o[0m
[ 69%] [32mBuilding C object src/core/CMakeFiles/ddsc.dir/ddsc/src/dds_serdata_builtintopic.c.o[0m
[ 70%] [32mBuilding C object src/core/CMakeFiles/ddsc.dir/ddsc/src/dds_sertype_builtintopic.c.o[0m
[ 70%] [32mBuilding C object src/core/CMakeFiles/ddsc.dir/ddsc/src/dds_data_allocator.c.o[0m
[ 70%] [32mBuilding C object src/core/CMakeFiles/ddsc.dir/ddsc/src/dds_loan.c.o[0m
[ 71%] [32mBuilding C object src/core/CMakeFiles/ddsc.dir/__/security/core/src/dds_security_serialize.c.o[0m
[ 71%] [32mBuilding C object src/core/CMakeFiles/ddsc.dir/__/security/core/src/dds_security_utils.c.o[0m
[ 72%] [32mBuilding C object src/core/CMakeFiles/ddsc.dir/__/security/core/src/shared_secret.c.o[0m
[ 72%] [32m[1mLinking C shared library ../../lib/libcycloneddsidl.so[0m
[ 72%] [32mBuilding C object src/core/CMakeFiles/ddsc.dir/__/security/core/src/dds_security_fsm.c.o[0m
[ 73%] [32mBuilding C object src/core/CMakeFiles/ddsc.dir/__/security/core/src/dds_security_timed_cb.c.o[0m
[ 73%] [32mBuilding C object src/core/CMakeFiles/ddsc.dir/__/ddsrt/src/atomics.c.o[0m
[ 73%] [32mBuilding C object src/core/CMakeFiles/ddsc.dir/__/security/core/src/dds_security_plugins.c.o[0m
[ 73%] [32mBuilding C object src/core/CMakeFiles/ddsc.dir/__/ddsrt/src/avl.c.o[0m
[ 74%] [32mBuilding C object src/core/CMakeFiles/ddsc.dir/__/ddsrt/src/bswap.c.o[0m
[ 74%] [32mBuilding C object src/core/CMakeFiles/ddsc.dir/__/ddsrt/src/io.c.o[0m
[ 74%] Built target idl
[ 75%] [32mBuilding C object src/core/CMakeFiles/ddsc.dir/__/ddsrt/src/log.c.o[0m
[ 75%] [32mBuilding C object src/core/CMakeFiles/ddsc.dir/__/ddsrt/src/retcode.c.o[0m
[ 75%] [32mBuilding C object src/core/CMakeFiles/ddsc.dir/__/ddsrt/src/strtod.c.o[0m
[ 76%] [32mBuilding C object src/core/CMakeFiles/ddsc.dir/__/ddsrt/src/strtol.c.o[0m
[ 76%] [32mBuilding C object src/core/CMakeFiles/ddsc.dir/__/ddsrt/src/mh3.c.o[0m
[ 76%] [32mBuilding C object src/core/CMakeFiles/ddsc.dir/__/ddsrt/src/environ.c.o[0m
[ 77%] [32mBuilding C object src/core/CMakeFiles/ddsc.dir/__/ddsrt/src/expand_vars.c.o[0m
[ 77%] [32mBuilding C object src/core/CMakeFiles/ddsc.dir/__/ddsrt/src/fibheap.c.o[0m
[ 78%] [32mBuilding C object src/core/CMakeFiles/ddsc.dir/__/ddsrt/src/hopscotch.c.o[0m
[ 78%] [32mBuilding C object src/core/CMakeFiles/ddsc.dir/__/ddsrt/src/circlist.c.o[0m
[ 80%] [32mBuilding C object src/core/CMakeFiles/ddsc.dir/__/ddsrt/src/md5.c.o[0m
[ 80%] [32mBuilding C object src/core/CMakeFiles/ddsc.dir/__/ddsrt/src/threads.c.o[0m
[ 80%] [32mBuilding C object src/core/CMakeFiles/ddsc.dir/__/ddsrt/src/string.c.o[0m
[ 80%] [32mBuilding C object src/core/CMakeFiles/ddsc.dir/__/ddsrt/src/sockets.c.o[0m
[ 80%] [32mBuilding C object src/core/CMakeFiles/ddsc.dir/__/ddsrt/src/xmlparser.c.o[0m
[ 80%] [32mBuilding C object src/core/CMakeFiles/ddsc.dir/__/ddsrt/src/ifaddrs.c.o[0m
[ 81%] [32mBuilding C object src/core/CMakeFiles/ddsc.dir/__/ddsrt/src/cdtors.c.o[0m
[ 81%] [32mBuilding C object src/core/CMakeFiles/ddsc.dir/__/ddsrt/src/time.c.o[0m
[ 82%] [32mBuilding C object src/core/CMakeFiles/ddsc.dir/__/ddsrt/src/ifaddrs/posix/ifaddrs.c.o[0m
[ 82%] [32mBuilding C object src/core/CMakeFiles/ddsc.dir/__/ddsrt/src/random.c.o[0m
[ 82%] [32mBuilding C object src/core/CMakeFiles/ddsc.dir/__/ddsrt/src/sockets/posix/socket.c.o[0m
[ 83%] [32mBuilding C object src/core/CMakeFiles/ddsc.dir/__/ddsrt/src/sockets/posix/gethostname.c.o[0m
[ 83%] [32mBuilding C object src/core/CMakeFiles/ddsc.dir/__/ddsrt/src/heap/posix/heap.c.o[0m
[ 83%] [32mBuilding C object src/core/CMakeFiles/ddsc.dir/__/ddsrt/src/dynlib/posix/dynlib.c.o[0m
[ 84%] [32mBuilding C object src/core/CMakeFiles/ddsc.dir/__/ddsrt/src/environ/posix/environ.c.o[0m
[ 85%] [32mBuilding C object src/core/CMakeFiles/ddsc.dir/__/ddsrt/src/process/posix/process.c.o[0m
[ 85%] [32mBuilding C object src/core/CMakeFiles/ddsc.dir/__/ddsrt/src/filesystem/posix/filesystem.c.o[0m
[ 85%] [32mBuilding C object src/core/CMakeFiles/ddsc.dir/__/ddsrt/src/random/posix/random.c.o[0m
[ 85%] [32mBuilding C object src/core/CMakeFiles/ddsc.dir/__/ddsrt/src/sync/posix/sync.c.o[0m
[ 86%] [32mBuilding C object src/core/CMakeFiles/ddsc.dir/__/ddsrt/src/threads/posix/threads.c.o[0m
[ 86%] [32mBuilding C object src/core/CMakeFiles/ddsc.dir/__/ddsrt/src/netstat/linux/netstat.c.o[0m
[ 86%] [32mBuilding C object src/core/CMakeFiles/ddsc.dir/__/ddsrt/src/time/posix/time.c.o[0m
[ 87%] [32mBuilding C object src/core/CMakeFiles/ddsc.dir/__/ddsrt/src/rusage/posix/rusage.c.o[0m
[ 87%] [32m[1mLinking C shared library ../../lib/libddsc.so[0m
[ 87%] Built target ddsc
[ 87%] [32mBuilding C object src/security/builtin_plugins/access_control/CMakeFiles/dds_security_ac.dir/src/access_control_objects.c.o[0m
[ 87%] [32mBuilding C object src/security/builtin_plugins/access_control/CMakeFiles/dds_security_ac.dir/src/access_control_parser.c.o[0m
[ 89%] [32mBuilding C object src/security/builtin_plugins/access_control/CMakeFiles/dds_security_ac.dir/src/access_control_utils.c.o[0m
[ 89%] [32mBuilding C object src/tools/idlc/CMakeFiles/idlc.dir/src/plugin.c.o[0m
[ 90%] [32mBuilding C object src/security/builtin_plugins/cryptographic/CMakeFiles/dds_security_crypto.dir/src/crypto_cipher.c.o[0m
[ 90%] [32mBuilding C object src/tools/idlc/CMakeFiles/idlc.dir/src/idlc.c.o[0m
[ 90%] [32mBuilding C object src/security/builtin_plugins/authentication/CMakeFiles/dds_security_auth.dir/src/authentication.c.o[0m
[ 90%] [32mBuilding C object src/tools/idlc/CMakeFiles/idlc.dir/src/descriptor_type_meta.c.o[0m
[ 91%] [32mBuilding C object src/tools/idlc/CMakeFiles/idlc.dir/src/options.c.o[0m
[ 92%] [32mBuilding C object src/tools/idlc/CMakeFiles/idlc.dir/src/generator.c.o[0m
[ 92%] [32mBuilding C object src/security/builtin_plugins/access_control/CMakeFiles/dds_security_ac.dir/src/access_control.c.o[0m
[ 92%] [32mBuilding C object src/security/builtin_plugins/cryptographic/CMakeFiles/dds_security_crypto.dir/src/crypto_transform.c.o[0m
[ 92%] [32mBuilding C object src/security/builtin_plugins/authentication/CMakeFiles/dds_security_auth.dir/src/auth_utils.c.o[0m
[ 92%] [32mBuilding C object src/security/builtin_plugins/cryptographic/CMakeFiles/dds_security_crypto.dir/src/cryptography.c.o[0m
[ 93%] [32mBuilding C object src/security/builtin_plugins/authentication/CMakeFiles/dds_security_auth.dir/__/__/openssl/src/openssl_support.c.o[0m
[ 93%] [32mBuilding C object src/security/builtin_plugins/cryptographic/CMakeFiles/dds_security_crypto.dir/src/crypto_utils.c.o[0m
[ 93%] [32mBuilding C object src/tools/idlc/CMakeFiles/idlc.dir/src/descriptor.c.o[0m
[ 93%] [32mBuilding C object src/security/builtin_plugins/cryptographic/CMakeFiles/dds_security_crypto.dir/src/crypto_key_exchange.c.o[0m
[ 95%] [32mBuilding C object src/tools/idlc/CMakeFiles/idlc.dir/src/types.c.o[0m
[ 95%] [32mBuilding C object src/security/builtin_plugins/cryptographic/CMakeFiles/dds_security_crypto.dir/src/crypto_key_factory.c.o[0m
[ 95%] [32mBuilding C object src/security/builtin_plugins/access_control/CMakeFiles/dds_security_ac.dir/__/__/openssl/src/openssl_support.c.o[0m
[ 95%] [32mBuilding C object src/security/builtin_plugins/cryptographic/CMakeFiles/dds_security_crypto.dir/src/crypto_objects.c.o[0m
[ 95%] [32mBuilding C object src/security/builtin_plugins/cryptographic/CMakeFiles/dds_security_crypto.dir/__/__/openssl/src/openssl_support.c.o[0m
[ 96%] [32m[1mLinking C shared library ../../../../lib/libdds_security_crypto.so[0m
[ 97%] [32m[1mLinking C shared library ../../../../lib/libdds_security_ac.so[0m
[ 97%] Built target dds_security_crypto
[ 97%] Built target dds_security_ac
[ 97%] [32m[1mLinking C shared library ../../../../lib/libdds_security_auth.so[0m
[ 97%] Built target dds_security_auth
[ 97%] [32m[1mLinking C executable ../../../bin/idlc[0m
[ 97%] Built target idlc
[ 97%] [34m[1mGenerating ddsperf_types.c, ddsperf_types.h[0m
[ 97%] Built target ddsperf_types_generate
[ 97%] [32mBuilding C object src/tools/ddsperf/CMakeFiles/ddsperf.dir/ddsperf.c.o[0m
[ 97%] [32mBuilding C object src/tools/ddsperf/CMakeFiles/ddsperf.dir/cputime.c.o[0m
[ 98%] [32mBuilding C object src/tools/ddsperf/CMakeFiles/ddsperf.dir/netload.c.o[0m
[ 98%] [32mBuilding C object src/tools/ddsperf/CMakeFiles/ddsperf.dir/async_listener.c.o[0m
[ 99%] [32mBuilding C object src/tools/ddsperf/CMakeFiles/ddsperf.dir/ddsperf_types.c.o[0m
[ 99%] [32m[1mLinking C executable ../../../bin/ddsperf[0m
[100%] Built target ddsperf
-- Install configuration: "RelWithDebInfo"
-- Installing: /mnt/nvme_partition/workspaces/lse_go2_ws/src/unitree_ros2/cyclonedds_ws/install/cyclonedds/lib/cmake/CycloneDDS/CycloneDDSConfig.cmake
-- Installing: /mnt/nvme_partition/workspaces/lse_go2_ws/src/unitree_ros2/cyclonedds_ws/install/cyclonedds/lib/cmake/CycloneDDS/CycloneDDSConfigVersion.cmake
-- Installing: /mnt/nvme_partition/workspaces/lse_go2_ws/src/unitree_ros2/cyclonedds_ws/install/cyclonedds/lib/cmake/CycloneDDS/CycloneDDSTargets.cmake
-- Installing: /mnt/nvme_partition/workspaces/lse_go2_ws/src/unitree_ros2/cyclonedds_ws/install/cyclonedds/lib/cmake/CycloneDDS/CycloneDDSTargets-relwithdebinfo.cmake
-- Installing: /mnt/nvme_partition/workspaces/lse_go2_ws/src/unitree_ros2/cyclonedds_ws/install/cyclonedds/lib/pkgconfig/CycloneDDS.pc
-- Installing: /mnt/nvme_partition/workspaces/lse_go2_ws/src/unitree_ros2/cyclonedds_ws/install/cyclonedds/include/idlc
-- Installing: /mnt/nvme_partition/workspaces/lse_go2_ws/src/unitree_ros2/cyclonedds_ws/install/cyclonedds/include/idlc/generator.h
-- Installing: /mnt/nvme_partition/workspaces/lse_go2_ws/src/unitree_ros2/cyclonedds_ws/install/cyclonedds/include/idlc/options.h
-- Installing: /mnt/nvme_partition/workspaces/lse_go2_ws/src/unitree_ros2/cyclonedds_ws/install/cyclonedds/bin/idlc
-- Set runtime path of "/mnt/nvme_partition/workspaces/lse_go2_ws/src/unitree_ros2/cyclonedds_ws/install/cyclonedds/bin/idlc" to "$ORIGIN/../lib"
-- Installing: /mnt/nvme_partition/workspaces/lse_go2_ws/src/unitree_ros2/cyclonedds_ws/install/cyclonedds/lib/cmake/CycloneDDS/idlc/Generate.cmake
-- Installing: /mnt/nvme_partition/workspaces/lse_go2_ws/src/unitree_ros2/cyclonedds_ws/install/cyclonedds/bin/ddsperf
-- Set runtime path of "/mnt/nvme_partition/workspaces/lse_go2_ws/src/unitree_ros2/cyclonedds_ws/install/cyclonedds/bin/ddsperf" to "$ORIGIN/../lib"
-- Up-to-date: /mnt/nvme_partition/workspaces/lse_go2_ws/src/unitree_ros2/cyclonedds_ws/install/cyclonedds/include
-- Installing: /mnt/nvme_partition/workspaces/lse_go2_ws/src/unitree_ros2/cyclonedds_ws/install/cyclonedds/include/dds
-- Installing: /mnt/nvme_partition/workspaces/lse_go2_ws/src/unitree_ros2/cyclonedds_ws/install/cyclonedds/include/dds/ddsrt
-- Installing: /mnt/nvme_partition/workspaces/lse_go2_ws/src/unitree_ros2/cyclonedds_ws/install/cyclonedds/include/dds/ddsrt/countargs.h
-- Installing: /mnt/nvme_partition/workspaces/lse_go2_ws/src/unitree_ros2/cyclonedds_ws/install/cyclonedds/include/dds/ddsrt/string.h
-- Installing: /mnt/nvme_partition/workspaces/lse_go2_ws/src/unitree_ros2/cyclonedds_ws/install/cyclonedds/include/dds/ddsrt/circlist.h
-- Installing: /mnt/nvme_partition/workspaces/lse_go2_ws/src/unitree_ros2/cyclonedds_ws/install/cyclonedds/include/dds/ddsrt/fibheap.h
-- Installing: /mnt/nvme_partition/workspaces/lse_go2_ws/src/unitree_ros2/cyclonedds_ws/install/cyclonedds/include/dds/ddsrt/atomics.h
-- Installing: /mnt/nvme_partition/workspaces/lse_go2_ws/src/unitree_ros2/cyclonedds_ws/install/cyclonedds/include/dds/ddsrt/process.h
-- Installing: /mnt/nvme_partition/workspaces/lse_go2_ws/src/unitree_ros2/cyclonedds_ws/install/cyclonedds/include/dds/ddsrt/strtol.h
-- Installing: /mnt/nvme_partition/workspaces/lse_go2_ws/src/unitree_ros2/cyclonedds_ws/install/cyclonedds/include/dds/ddsrt/dynlib.h
-- Installing: /mnt/nvme_partition/workspaces/lse_go2_ws/src/unitree_ros2/cyclonedds_ws/install/cyclonedds/include/dds/ddsrt/md5.h
-- Installing: /mnt/nvme_partition/workspaces/lse_go2_ws/src/unitree_ros2/cyclonedds_ws/install/cyclonedds/include/dds/ddsrt/environ.h
-- Installing: /mnt/nvme_partition/workspaces/lse_go2_ws/src/unitree_ros2/cyclonedds_ws/install/cyclonedds/include/dds/ddsrt/avl.h
-- Installing: /mnt/nvme_partition/workspaces/lse_go2_ws/src/unitree_ros2/cyclonedds_ws/install/cyclonedds/include/dds/ddsrt/sockets
-- Installing: /mnt/nvme_partition/workspaces/lse_go2_ws/src/unitree_ros2/cyclonedds_ws/install/cyclonedds/include/dds/ddsrt/sockets/windows.h
-- Installing: /mnt/nvme_partition/workspaces/lse_go2_ws/src/unitree_ros2/cyclonedds_ws/install/cyclonedds/include/dds/ddsrt/sockets/posix.h
-- Installing: /mnt/nvme_partition/workspaces/lse_go2_ws/src/unitree_ros2/cyclonedds_ws/install/cyclonedds/include/dds/ddsrt/io.h
-- Installing: /mnt/nvme_partition/workspaces/lse_go2_ws/src/unitree_ros2/cyclonedds_ws/install/cyclonedds/include/dds/ddsrt/misc.h
-- Installing: /mnt/nvme_partition/workspaces/lse_go2_ws/src/unitree_ros2/cyclonedds_ws/install/cyclonedds/include/dds/ddsrt/ifaddrs.h
-- Installing: /mnt/nvme_partition/workspaces/lse_go2_ws/src/unitree_ros2/cyclonedds_ws/install/cyclonedds/include/dds/ddsrt/sync
-- Installing: /mnt/nvme_partition/workspaces/lse_go2_ws/src/unitree_ros2/cyclonedds_ws/install/cyclonedds/include/dds/ddsrt/sync/windows.h
-- Installing: /mnt/nvme_partition/workspaces/lse_go2_ws/src/unitree_ros2/cyclonedds_ws/install/cyclonedds/include/dds/ddsrt/sync/posix.h
-- Installing: /mnt/nvme_partition/workspaces/lse_go2_ws/src/unitree_ros2/cyclonedds_ws/install/cyclonedds/include/dds/ddsrt/sync/freertos.h
-- Installing: /mnt/nvme_partition/workspaces/lse_go2_ws/src/unitree_ros2/cyclonedds_ws/install/cyclonedds/include/dds/ddsrt/attributes.h
-- Installing: /mnt/nvme_partition/workspaces/lse_go2_ws/src/unitree_ros2/cyclonedds_ws/install/cyclonedds/include/dds/ddsrt/xmlparser.h
-- Installing: /mnt/nvme_partition/workspaces/lse_go2_ws/src/unitree_ros2/cyclonedds_ws/install/cyclonedds/include/dds/ddsrt/iovec.h
-- Installing: /mnt/nvme_partition/workspaces/lse_go2_ws/src/unitree_ros2/cyclonedds_ws/install/cyclonedds/include/dds/ddsrt/arch.h
-- Installing: /mnt/nvme_partition/workspaces/lse_go2_ws/src/unitree_ros2/cyclonedds_ws/install/cyclonedds/include/dds/ddsrt/atomics
-- Installing: /mnt/nvme_partition/workspaces/lse_go2_ws/src/unitree_ros2/cyclonedds_ws/install/cyclonedds/include/dds/ddsrt/atomics/gcc.h
-- Installing: /mnt/nvme_partition/workspaces/lse_go2_ws/src/unitree_ros2/cyclonedds_ws/install/cyclonedds/include/dds/ddsrt/atomics/sun.h
-- Installing: /mnt/nvme_partition/workspaces/lse_go2_ws/src/unitree_ros2/cyclonedds_ws/install/cyclonedds/include/dds/ddsrt/atomics/arm.h
-- Installing: /mnt/nvme_partition/workspaces/lse_go2_ws/src/unitree_ros2/cyclonedds_ws/install/cyclonedds/include/dds/ddsrt/atomics/msvc.h
-- Installing: /mnt/nvme_partition/workspaces/lse_go2_ws/src/unitree_ros2/cyclonedds_ws/install/cyclonedds/include/dds/ddsrt/time
-- Installing: /mnt/nvme_partition/workspaces/lse_go2_ws/src/unitree_ros2/cyclonedds_ws/install/cyclonedds/include/dds/ddsrt/time/freertos.h
-- Installing: /mnt/nvme_partition/workspaces/lse_go2_ws/src/unitree_ros2/cyclonedds_ws/install/cyclonedds/include/dds/ddsrt/time.h
-- Installing: /mnt/nvme_partition/workspaces/lse_go2_ws/src/unitree_ros2/cyclonedds_ws/install/cyclonedds/include/dds/ddsrt/threads
-- Installing: /mnt/nvme_partition/workspaces/lse_go2_ws/src/unitree_ros2/cyclonedds_ws/install/cyclonedds/include/dds/ddsrt/threads/windows.h
-- Installing: /mnt/nvme_partition/workspaces/lse_go2_ws/src/unitree_ros2/cyclonedds_ws/install/cyclonedds/include/dds/ddsrt/threads/posix.h
-- Installing: /mnt/nvme_partition/workspaces/lse_go2_ws/src/unitree_ros2/cyclonedds_ws/install/cyclonedds/include/dds/ddsrt/threads/freertos.h
-- Installing: /mnt/nvme_partition/workspaces/lse_go2_ws/src/unitree_ros2/cyclonedds_ws/install/cyclonedds/include/dds/ddsrt/types.h
-- Installing: /mnt/nvme_partition/workspaces/lse_go2_ws/src/unitree_ros2/cyclonedds_ws/install/cyclonedds/include/dds/ddsrt/strtod.h
-- Installing: /mnt/nvme_partition/workspaces/lse_go2_ws/src/unitree_ros2/cyclonedds_ws/install/cyclonedds/include/dds/ddsrt/hopscotch.h
-- Installing: /mnt/nvme_partition/workspaces/lse_go2_ws/src/unitree_ros2/cyclonedds_ws/install/cyclonedds/include/dds/ddsrt/types
-- Installing: /mnt/nvme_partition/workspaces/lse_go2_ws/src/unitree_ros2/cyclonedds_ws/install/cyclonedds/include/dds/ddsrt/types/windows.h
-- Installing: /mnt/nvme_partition/workspaces/lse_go2_ws/src/unitree_ros2/cyclonedds_ws/install/cyclonedds/include/dds/ddsrt/types/posix.h
-- Installing: /mnt/nvme_partition/workspaces/lse_go2_ws/src/unitree_ros2/cyclonedds_ws/install/cyclonedds/include/dds/ddsrt/types/vxworks.h
-- Installing: /mnt/nvme_partition/workspaces/lse_go2_ws/src/unitree_ros2/cyclonedds_ws/install/cyclonedds/include/dds/ddsrt/sync.h
-- Installing: /mnt/nvme_partition/workspaces/lse_go2_ws/src/unitree_ros2/cyclonedds_ws/install/cyclonedds/include/dds/ddsrt/bswap.h
-- Installing: /mnt/nvme_partition/workspaces/lse_go2_ws/src/unitree_ros2/cyclonedds_ws/install/cyclonedds/include/dds/ddsrt/align.h
-- Installing: /mnt/nvme_partition/workspaces/lse_go2_ws/src/unitree_ros2/cyclonedds_ws/install/cyclonedds/include/dds/ddsrt/heap.h
-- Installing: /mnt/nvme_partition/workspaces/lse_go2_ws/src/unitree_ros2/cyclonedds_ws/install/cyclonedds/include/dds/ddsrt/retcode.h
-- Installing: /mnt/nvme_partition/workspaces/lse_go2_ws/src/unitree_ros2/cyclonedds_ws/install/cyclonedds/include/dds/ddsrt/expand_vars.h
-- Installing: /mnt/nvme_partition/workspaces/lse_go2_ws/src/unitree_ros2/cyclonedds_ws/install/cyclonedds/include/dds/ddsrt/cdtors.h
-- Installing: /mnt/nvme_partition/workspaces/lse_go2_ws/src/unitree_ros2/cyclonedds_ws/install/cyclonedds/include/dds/ddsrt/mh3.h
-- Installing: /mnt/nvme_partition/workspaces/lse_go2_ws/src/unitree_ros2/cyclonedds_ws/install/cyclonedds/include/dds/ddsrt/endian.h
-- Installing: /mnt/nvme_partition/workspaces/lse_go2_ws/src/unitree_ros2/cyclonedds_ws/install/cyclonedds/include/dds/ddsrt/random.h
-- Installing: /mnt/nvme_partition/workspaces/lse_go2_ws/src/unitree_ros2/cyclonedds_ws/install/cyclonedds/include/dds/ddsrt/filesystem.h
-- Installing: /mnt/nvme_partition/workspaces/lse_go2_ws/src/unitree_ros2/cyclonedds_ws/install/cyclonedds/include/dds/ddsrt/threads.h
-- Installing: /mnt/nvme_partition/workspaces/lse_go2_ws/src/unitree_ros2/cyclonedds_ws/install/cyclonedds/include/dds/ddsrt/log.h
-- Installing: /mnt/nvme_partition/workspaces/lse_go2_ws/src/unitree_ros2/cyclonedds_ws/install/cyclonedds/include/dds/ddsrt/sched.h
-- Installing: /mnt/nvme_partition/workspaces/lse_go2_ws/src/unitree_ros2/cyclonedds_ws/install/cyclonedds/include/dds/ddsrt/netstat.h
-- Installing: /mnt/nvme_partition/workspaces/lse_go2_ws/src/unitree_ros2/cyclonedds_ws/install/cyclonedds/include/dds/ddsrt/static_assert.h
-- Installing: /mnt/nvme_partition/workspaces/lse_go2_ws/src/unitree_ros2/cyclonedds_ws/install/cyclonedds/include/dds/ddsrt/sockets.h
-- Installing: /mnt/nvme_partition/workspaces/lse_go2_ws/src/unitree_ros2/cyclonedds_ws/install/cyclonedds/include/dds/ddsrt/filesystem
-- Installing: /mnt/nvme_partition/workspaces/lse_go2_ws/src/unitree_ros2/cyclonedds_ws/install/cyclonedds/include/dds/ddsrt/filesystem/windows.h
-- Installing: /mnt/nvme_partition/workspaces/lse_go2_ws/src/unitree_ros2/cyclonedds_ws/install/cyclonedds/include/dds/ddsrt/filesystem/posix.h
-- Installing: /mnt/nvme_partition/workspaces/lse_go2_ws/src/unitree_ros2/cyclonedds_ws/install/cyclonedds/include/dds/ddsrt/rusage.h
-- Up-to-date: /mnt/nvme_partition/workspaces/lse_go2_ws/src/unitree_ros2/cyclonedds_ws/install/cyclonedds/include
-- Up-to-date: /mnt/nvme_partition/workspaces/lse_go2_ws/src/unitree_ros2/cyclonedds_ws/install/cyclonedds/include/dds
-- Installing: /mnt/nvme_partition/workspaces/lse_go2_ws/src/unitree_ros2/cyclonedds_ws/install/cyclonedds/include/dds/config.h
-- Installing: /mnt/nvme_partition/workspaces/lse_go2_ws/src/unitree_ros2/cyclonedds_ws/install/cyclonedds/include/dds/features.h
-- Installing: /mnt/nvme_partition/workspaces/lse_go2_ws/src/unitree_ros2/cyclonedds_ws/install/cyclonedds/include/dds/version.h
-- Installing: /mnt/nvme_partition/workspaces/lse_go2_ws/src/unitree_ros2/cyclonedds_ws/install/cyclonedds/include/idl
-- Installing: /mnt/nvme_partition/workspaces/lse_go2_ws/src/unitree_ros2/cyclonedds_ws/install/cyclonedds/include/idl/string.h
-- Installing: /mnt/nvme_partition/workspaces/lse_go2_ws/src/unitree_ros2/cyclonedds_ws/install/cyclonedds/include/idl/expression.h
-- Installing: /mnt/nvme_partition/workspaces/lse_go2_ws/src/unitree_ros2/cyclonedds_ws/install/cyclonedds/include/idl/stream.h
-- Installing: /mnt/nvme_partition/workspaces/lse_go2_ws/src/unitree_ros2/cyclonedds_ws/install/cyclonedds/include/idl/symbol.h
-- Installing: /mnt/nvme_partition/workspaces/lse_go2_ws/src/unitree_ros2/cyclonedds_ws/install/cyclonedds/include/idl/tree.h
-- Installing: /mnt/nvme_partition/workspaces/lse_go2_ws/src/unitree_ros2/cyclonedds_ws/install/cyclonedds/include/idl/processor.h
-- Installing: /mnt/nvme_partition/workspaces/lse_go2_ws/src/unitree_ros2/cyclonedds_ws/install/cyclonedds/include/idl/print.h
-- Installing: /mnt/nvme_partition/workspaces/lse_go2_ws/src/unitree_ros2/cyclonedds_ws/install/cyclonedds/include/idl/visit.h
-- Installing: /mnt/nvme_partition/workspaces/lse_go2_ws/src/unitree_ros2/cyclonedds_ws/install/cyclonedds/include/idl/file.h
-- Installing: /mnt/nvme_partition/workspaces/lse_go2_ws/src/unitree_ros2/cyclonedds_ws/install/cyclonedds/include/idl/scope.h
-- Installing: /mnt/nvme_partition/workspaces/lse_go2_ws/src/unitree_ros2/cyclonedds_ws/install/cyclonedds/include/idl/retcode.h
-- Up-to-date: /mnt/nvme_partition/workspaces/lse_go2_ws/src/unitree_ros2/cyclonedds_ws/install/cyclonedds/include/idl
-- Installing: /mnt/nvme_partition/workspaces/lse_go2_ws/src/unitree_ros2/cyclonedds_ws/install/cyclonedds/include/idl/md5.h
-- Installing: /mnt/nvme_partition/workspaces/lse_go2_ws/src/unitree_ros2/cyclonedds_ws/install/cyclonedds/include/idl/misc.h
-- Installing: /mnt/nvme_partition/workspaces/lse_go2_ws/src/unitree_ros2/cyclonedds_ws/install/cyclonedds/include/idl/attributes.h
-- Installing: /mnt/nvme_partition/workspaces/lse_go2_ws/src/unitree_ros2/cyclonedds_ws/install/cyclonedds/include/idl/export.h
-- Installing: /mnt/nvme_partition/workspaces/lse_go2_ws/src/unitree_ros2/cyclonedds_ws/install/cyclonedds/include/idl/version.h
-- Installing: /mnt/nvme_partition/workspaces/lse_go2_ws/src/unitree_ros2/cyclonedds_ws/install/cyclonedds/include/idl/endian.h
-- Installing: /mnt/nvme_partition/workspaces/lse_go2_ws/src/unitree_ros2/cyclonedds_ws/install/cyclonedds/lib/libcycloneddsidl.so.0.10.5
-- Installing: /mnt/nvme_partition/workspaces/lse_go2_ws/src/unitree_ros2/cyclonedds_ws/install/cyclonedds/lib/libcycloneddsidl.so.0
-- Set runtime path of "/mnt/nvme_partition/workspaces/lse_go2_ws/src/unitree_ros2/cyclonedds_ws/install/cyclonedds/lib/libcycloneddsidl.so.0.10.5" to "$ORIGIN/../lib"
-- Installing: /mnt/nvme_partition/workspaces/lse_go2_ws/src/unitree_ros2/cyclonedds_ws/install/cyclonedds/lib/libcycloneddsidl.so
-- Up-to-date: /mnt/nvme_partition/workspaces/lse_go2_ws/src/unitree_ros2/cyclonedds_ws/install/cyclonedds/include
-- Up-to-date: /mnt/nvme_partition/workspaces/lse_go2_ws/src/unitree_ros2/cyclonedds_ws/install/cyclonedds/include/dds
-- Installing: /mnt/nvme_partition/workspaces/lse_go2_ws/src/unitree_ros2/cyclonedds_ws/install/cyclonedds/include/dds/security
-- Installing: /mnt/nvme_partition/workspaces/lse_go2_ws/src/unitree_ros2/cyclonedds_ws/install/cyclonedds/include/dds/security/dds_security_api.h
-- Installing: /mnt/nvme_partition/workspaces/lse_go2_ws/src/unitree_ros2/cyclonedds_ws/install/cyclonedds/include/dds/security/dds_security_api_authentication.h
-- Installing: /mnt/nvme_partition/workspaces/lse_go2_ws/src/unitree_ros2/cyclonedds_ws/install/cyclonedds/include/dds/security/dds_security_api_types.h
-- Installing: /mnt/nvme_partition/workspaces/lse_go2_ws/src/unitree_ros2/cyclonedds_ws/install/cyclonedds/include/dds/security/dds_security_api_defs.h
-- Installing: /mnt/nvme_partition/workspaces/lse_go2_ws/src/unitree_ros2/cyclonedds_ws/install/cyclonedds/include/dds/security/dds_security_api_cryptography.h
-- Installing: /mnt/nvme_partition/workspaces/lse_go2_ws/src/unitree_ros2/cyclonedds_ws/install/cyclonedds/include/dds/security/dds_security_api_err.h
-- Installing: /mnt/nvme_partition/workspaces/lse_go2_ws/src/unitree_ros2/cyclonedds_ws/install/cyclonedds/include/dds/security/dds_security_api_access_control.h
-- Installing: /mnt/nvme_partition/workspaces/lse_go2_ws/src/unitree_ros2/cyclonedds_ws/install/cyclonedds/include/dds/security/core/
-- Installing: /mnt/nvme_partition/workspaces/lse_go2_ws/src/unitree_ros2/cyclonedds_ws/install/cyclonedds/include/dds/security/core//dds_security_fsm.h
-- Installing: /mnt/nvme_partition/workspaces/lse_go2_ws/src/unitree_ros2/cyclonedds_ws/install/cyclonedds/include/dds/security/core//dds_security_plugins.h
-- Installing: /mnt/nvme_partition/workspaces/lse_go2_ws/src/unitree_ros2/cyclonedds_ws/install/cyclonedds/include/dds/security/core//shared_secret.h
-- Installing: /mnt/nvme_partition/workspaces/lse_go2_ws/src/unitree_ros2/cyclonedds_ws/install/cyclonedds/include/dds/security/core//dds_security_utils.h
-- Installing: /mnt/nvme_partition/workspaces/lse_go2_ws/src/unitree_ros2/cyclonedds_ws/install/cyclonedds/include/dds/security/core//dds_security_timed_cb.h
-- Installing: /mnt/nvme_partition/workspaces/lse_go2_ws/src/unitree_ros2/cyclonedds_ws/install/cyclonedds/include/dds/security/core//dds_security_types.h
-- Installing: /mnt/nvme_partition/workspaces/lse_go2_ws/src/unitree_ros2/cyclonedds_ws/install/cyclonedds/include/dds/security/core//dds_security_serialize.h
-- Installing: /mnt/nvme_partition/workspaces/lse_go2_ws/src/unitree_ros2/cyclonedds_ws/install/cyclonedds/lib/libdds_security_ac.so
-- Set runtime path of "/mnt/nvme_partition/workspaces/lse_go2_ws/src/unitree_ros2/cyclonedds_ws/install/cyclonedds/lib/libdds_security_ac.so" to "$ORIGIN/../lib"
-- Installing: /mnt/nvme_partition/workspaces/lse_go2_ws/src/unitree_ros2/cyclonedds_ws/install/cyclonedds/lib/libdds_security_auth.so
-- Set runtime path of "/mnt/nvme_partition/workspaces/lse_go2_ws/src/unitree_ros2/cyclonedds_ws/install/cyclonedds/lib/libdds_security_auth.so" to "$ORIGIN/../lib"
-- Installing: /mnt/nvme_partition/workspaces/lse_go2_ws/src/unitree_ros2/cyclonedds_ws/install/cyclonedds/lib/libdds_security_crypto.so
-- Set runtime path of "/mnt/nvme_partition/workspaces/lse_go2_ws/src/unitree_ros2/cyclonedds_ws/install/cyclonedds/lib/libdds_security_crypto.so" to "$ORIGIN/../lib"
-- Up-to-date: /mnt/nvme_partition/workspaces/lse_go2_ws/src/unitree_ros2/cyclonedds_ws/install/cyclonedds/include
-- Up-to-date: /mnt/nvme_partition/workspaces/lse_go2_ws/src/unitree_ros2/cyclonedds_ws/install/cyclonedds/include/dds
-- Installing: /mnt/nvme_partition/workspaces/lse_go2_ws/src/unitree_ros2/cyclonedds_ws/install/cyclonedds/include/dds/ddsi
-- Installing: /mnt/nvme_partition/workspaces/lse_go2_ws/src/unitree_ros2/cyclonedds_ws/install/cyclonedds/include/dds/ddsi/ddsi_cfgunits.h
-- Installing: /mnt/nvme_partition/workspaces/lse_go2_ws/src/unitree_ros2/cyclonedds_ws/install/cyclonedds/include/dds/ddsi/ddsi_deliver_locally.h
-- Installing: /mnt/nvme_partition/workspaces/lse_go2_ws/src/unitree_ros2/cyclonedds_ws/install/cyclonedds/include/dds/ddsi/ddsi_entity_index.h
-- Installing: /mnt/nvme_partition/workspaces/lse_go2_ws/src/unitree_ros2/cyclonedds_ws/install/cyclonedds/include/dds/ddsi/ddsi_tcp.h
-- Installing: /mnt/nvme_partition/workspaces/lse_go2_ws/src/unitree_ros2/cyclonedds_ws/install/cyclonedds/include/dds/ddsi/q_debmon.h
-- Installing: /mnt/nvme_partition/workspaces/lse_go2_ws/src/unitree_ros2/cyclonedds_ws/install/cyclonedds/include/dds/ddsi/ddsi_plist.h
-- Installing: /mnt/nvme_partition/workspaces/lse_go2_ws/src/unitree_ros2/cyclonedds_ws/install/cyclonedds/include/dds/ddsi/ddsi_xt_typemap.h
-- Installing: /mnt/nvme_partition/workspaces/lse_go2_ws/src/unitree_ros2/cyclonedds_ws/install/cyclonedds/include/dds/ddsi/ddsi_rhc.h
-- Installing: /mnt/nvme_partition/workspaces/lse_go2_ws/src/unitree_ros2/cyclonedds_ws/install/cyclonedds/include/dds/ddsi/ddsi_security_util.h
-- Installing: /mnt/nvme_partition/workspaces/lse_go2_ws/src/unitree_ros2/cyclonedds_ws/install/cyclonedds/include/dds/ddsi/ddsi_security_msg.h
-- Installing: /mnt/nvme_partition/workspaces/lse_go2_ws/src/unitree_ros2/cyclonedds_ws/install/cyclonedds/include/dds/ddsi/ddsi_xqos.h
-- Installing: /mnt/nvme_partition/workspaces/lse_go2_ws/src/unitree_ros2/cyclonedds_ws/install/cyclonedds/include/dds/ddsi/ddsi_security_omg.h
-- Installing: /mnt/nvme_partition/workspaces/lse_go2_ws/src/unitree_ros2/cyclonedds_ws/install/cyclonedds/include/dds/ddsi/ddsi_security_exchange.h
-- Installing: /mnt/nvme_partition/workspaces/lse_go2_ws/src/unitree_ros2/cyclonedds_ws/install/cyclonedds/include/dds/ddsi/ddsi_participant.h
-- Installing: /mnt/nvme_partition/workspaces/lse_go2_ws/src/unitree_ros2/cyclonedds_ws/install/cyclonedds/include/dds/ddsi/ddsi_vnet.h
-- Installing: /mnt/nvme_partition/workspaces/lse_go2_ws/src/unitree_ros2/cyclonedds_ws/install/cyclonedds/include/dds/ddsi/ddsi_list_genptr.h
-- Installing: /mnt/nvme_partition/workspaces/lse_go2_ws/src/unitree_ros2/cyclonedds_ws/install/cyclonedds/include/dds/ddsi/ddsi_endpoint.h
-- Installing: /mnt/nvme_partition/workspaces/lse_go2_ws/src/unitree_ros2/cyclonedds_ws/install/cyclonedds/include/dds/ddsi/ddsi_ssl.h
-- Installing: /mnt/nvme_partition/workspaces/lse_go2_ws/src/unitree_ros2/cyclonedds_ws/install/cyclonedds/include/dds/ddsi/ddsi_tkmap.h
-- Installing: /mnt/nvme_partition/workspaces/lse_go2_ws/src/unitree_ros2/cyclonedds_ws/install/cyclonedds/include/dds/ddsi/ddsi_portmapping.h
-- Installing: /mnt/nvme_partition/workspaces/lse_go2_ws/src/unitree_ros2/cyclonedds_ws/install/cyclonedds/include/dds/ddsi/ddsi_typebuilder.h
-- Installing: /mnt/nvme_partition/workspaces/lse_go2_ws/src/unitree_ros2/cyclonedds_ws/install/cyclonedds/include/dds/ddsi/ddsi_threadmon.h
-- Installing: /mnt/nvme_partition/workspaces/lse_go2_ws/src/unitree_ros2/cyclonedds_ws/install/cyclonedds/include/dds/ddsi/q_unused.h
-- Installing: /mnt/nvme_partition/workspaces/lse_go2_ws/src/unitree_ros2/cyclonedds_ws/install/cyclonedds/include/dds/ddsi/q_lat_estim.h
-- Installing: /mnt/nvme_partition/workspaces/lse_go2_ws/src/unitree_ros2/cyclonedds_ws/install/cyclonedds/include/dds/ddsi/q_addrset.h
-- Installing: /mnt/nvme_partition/workspaces/lse_go2_ws/src/unitree_ros2/cyclonedds_ws/install/cyclonedds/include/dds/ddsi/ddsi_cfgelems.h
-- Installing: /mnt/nvme_partition/workspaces/lse_go2_ws/src/unitree_ros2/cyclonedds_ws/install/cyclonedds/include/dds/ddsi/q_qosmatch.h
-- Installing: /mnt/nvme_partition/workspaces/lse_go2_ws/src/unitree_ros2/cyclonedds_ws/install/cyclonedds/include/dds/ddsi/q_xmsg.h
-- Installing: /mnt/nvme_partition/workspaces/lse_go2_ws/src/unitree_ros2/cyclonedds_ws/install/cyclonedds/include/dds/ddsi/ddsi_lifespan.h
-- Installing: /mnt/nvme_partition/workspaces/lse_go2_ws/src/unitree_ros2/cyclonedds_ws/install/cyclonedds/include/dds/ddsi/ddsi_keyhash.h
-- Installing: /mnt/nvme_partition/workspaces/lse_go2_ws/src/unitree_ros2/cyclonedds_ws/install/cyclonedds/include/dds/ddsi/ddsi_statistics.h
-- Installing: /mnt/nvme_partition/workspaces/lse_go2_ws/src/unitree_ros2/cyclonedds_ws/install/cyclonedds/include/dds/ddsi/ddsi_time.h
-- Installing: /mnt/nvme_partition/workspaces/lse_go2_ws/src/unitree_ros2/cyclonedds_ws/install/cyclonedds/include/dds/ddsi/ddsi_iid.h
-- Installing: /mnt/nvme_partition/workspaces/lse_go2_ws/src/unitree_ros2/cyclonedds_ws/install/cyclonedds/include/dds/ddsi/ddsi_entity_match.h
-- Installing: /mnt/nvme_partition/workspaces/lse_go2_ws/src/unitree_ros2/cyclonedds_ws/install/cyclonedds/include/dds/ddsi/ddsi_pmd.h
-- Installing: /mnt/nvme_partition/workspaces/lse_go2_ws/src/unitree_ros2/cyclonedds_ws/install/cyclonedds/include/dds/ddsi/ddsi_typewrap.h
-- Installing: /mnt/nvme_partition/workspaces/lse_go2_ws/src/unitree_ros2/cyclonedds_ws/install/cyclonedds/include/dds/ddsi/ddsi_sertopic.h
-- Installing: /mnt/nvme_partition/workspaces/lse_go2_ws/src/unitree_ros2/cyclonedds_ws/install/cyclonedds/include/dds/ddsi/q_sockwaitset.h
-- Installing: /mnt/nvme_partition/workspaces/lse_go2_ws/src/unitree_ros2/cyclonedds_ws/install/cyclonedds/include/dds/ddsi/q_rtps.h
-- Installing: /mnt/nvme_partition/workspaces/lse_go2_ws/src/unitree_ros2/cyclonedds_ws/install/cyclonedds/include/dds/ddsi/q_hbcontrol.h
-- Installing: /mnt/nvme_partition/workspaces/lse_go2_ws/src/unitree_ros2/cyclonedds_ws/install/cyclonedds/include/dds/ddsi/q_pcap.h
-- Installing: /mnt/nvme_partition/workspaces/lse_go2_ws/src/unitree_ros2/cyclonedds_ws/install/cyclonedds/include/dds/ddsi/ddsi_serdata.h
-- Installing: /mnt/nvme_partition/workspaces/lse_go2_ws/src/unitree_ros2/cyclonedds_ws/install/cyclonedds/include/dds/ddsi/q_log.h
-- Installing: /mnt/nvme_partition/workspaces/lse_go2_ws/src/unitree_ros2/cyclonedds_ws/install/cyclonedds/include/dds/ddsi/q_transmit.h
-- Installing: /mnt/nvme_partition/workspaces/lse_go2_ws/src/unitree_ros2/cyclonedds_ws/install/cyclonedds/include/dds/ddsi/ddsi_vendor.h
-- Installing: /mnt/nvme_partition/workspaces/lse_go2_ws/src/unitree_ros2/cyclonedds_ws/install/cyclonedds/include/dds/ddsi/ddsi_ownip.h
-- Installing: /mnt/nvme_partition/workspaces/lse_go2_ws/src/unitree_ros2/cyclonedds_ws/install/cyclonedds/include/dds/ddsi/ddsi_xt_typelookup.idl
-- Installing: /mnt/nvme_partition/workspaces/lse_go2_ws/src/unitree_ros2/cyclonedds_ws/install/cyclonedds/include/dds/ddsi/ddsi_proxy_endpoint.h
-- Installing: /mnt/nvme_partition/workspaces/lse_go2_ws/src/unitree_ros2/cyclonedds_ws/install/cyclonedds/include/dds/ddsi/ddsi_mcgroup.h
-- Installing: /mnt/nvme_partition/workspaces/lse_go2_ws/src/unitree_ros2/cyclonedds_ws/install/cyclonedds/include/dds/ddsi/ddsi_wraddrset.h
-- Installing: /mnt/nvme_partition/workspaces/lse_go2_ws/src/unitree_ros2/cyclonedds_ws/install/cyclonedds/include/dds/ddsi/q_feature_check.h
-- Installing: /mnt/nvme_partition/workspaces/lse_go2_ws/src/unitree_ros2/cyclonedds_ws/install/cyclonedds/include/dds/ddsi/ddsi_typelib.h
-- Installing: /mnt/nvme_partition/workspaces/lse_go2_ws/src/unitree_ros2/cyclonedds_ws/install/cyclonedds/include/dds/ddsi/ddsi_config_impl.h
-- Installing: /mnt/nvme_partition/workspaces/lse_go2_ws/src/unitree_ros2/cyclonedds_ws/install/cyclonedds/include/dds/ddsi/ddsi_plist_generic.h
-- Installing: /mnt/nvme_partition/workspaces/lse_go2_ws/src/unitree_ros2/cyclonedds_ws/install/cyclonedds/include/dds/ddsi/ddsi_raweth.h
-- Installing: /mnt/nvme_partition/workspaces/lse_go2_ws/src/unitree_ros2/cyclonedds_ws/install/cyclonedds/include/dds/ddsi/ddsi_domaingv.h
-- Installing: /mnt/nvme_partition/workspaces/lse_go2_ws/src/unitree_ros2/cyclonedds_ws/install/cyclonedds/include/dds/ddsi/q_receive.h
-- Installing: /mnt/nvme_partition/workspaces/lse_go2_ws/src/unitree_ros2/cyclonedds_ws/install/cyclonedds/include/dds/ddsi/q_protocol.h
-- Installing: /mnt/nvme_partition/workspaces/lse_go2_ws/src/unitree_ros2/cyclonedds_ws/install/cyclonedds/include/dds/ddsi/q_radmin.h
-- Installing: /mnt/nvme_partition/workspaces/lse_go2_ws/src/unitree_ros2/cyclonedds_ws/install/cyclonedds/include/dds/ddsi/ddsi_serdata_default.h
-- Installing: /mnt/nvme_partition/workspaces/lse_go2_ws/src/unitree_ros2/cyclonedds_ws/install/cyclonedds/include/dds/ddsi/q_freelist.h
-- Installing: /mnt/nvme_partition/workspaces/lse_go2_ws/src/unitree_ros2/cyclonedds_ws/install/cyclonedds/include/dds/ddsi/ddsi_entity.h
-- Installing: /mnt/nvme_partition/workspaces/lse_go2_ws/src/unitree_ros2/cyclonedds_ws/install/cyclonedds/include/dds/ddsi/ddsi_xt_typemap.idl
-- Installing: /mnt/nvme_partition/workspaces/lse_go2_ws/src/unitree_ros2/cyclonedds_ws/install/cyclonedds/include/dds/ddsi/ddsi_xt_typeinfo.h
-- Installing: /mnt/nvme_partition/workspaces/lse_go2_ws/src/unitree_ros2/cyclonedds_ws/install/cyclonedds/include/dds/ddsi/ddsi_ipaddr.h
-- Installing: /mnt/nvme_partition/workspaces/lse_go2_ws/src/unitree_ros2/cyclonedds_ws/install/cyclonedds/include/dds/ddsi/q_gc.h
-- Installing: /mnt/nvme_partition/workspaces/lse_go2_ws/src/unitree_ros2/cyclonedds_ws/install/cyclonedds/include/dds/ddsi/ddsi_proxy_participant.h
-- Installing: /mnt/nvme_partition/workspaces/lse_go2_ws/src/unitree_ros2/cyclonedds_ws/install/cyclonedds/include/dds/ddsi/ddsi_config.h
-- Installing: /mnt/nvme_partition/workspaces/lse_go2_ws/src/unitree_ros2/cyclonedds_ws/install/cyclonedds/include/dds/ddsi/ddsi_locator.h
-- Installing: /mnt/nvme_partition/workspaces/lse_go2_ws/src/unitree_ros2/cyclonedds_ws/install/cyclonedds/include/dds/ddsi/ddsi_shm_transport.h
-- Installing: /mnt/nvme_partition/workspaces/lse_go2_ws/src/unitree_ros2/cyclonedds_ws/install/cyclonedds/include/dds/ddsi/ddsi_builtin_topic_if.h
-- Installing: /mnt/nvme_partition/workspaces/lse_go2_ws/src/unitree_ros2/cyclonedds_ws/install/cyclonedds/include/dds/ddsi/ddsi_udp.h
-- Installing: /mnt/nvme_partition/workspaces/lse_go2_ws/src/unitree_ros2/cyclonedds_ws/install/cyclonedds/include/dds/ddsi/ddsi_tran.h
-- Installing: /mnt/nvme_partition/workspaces/lse_go2_ws/src/unitree_ros2/cyclonedds_ws/install/cyclonedds/include/dds/ddsi/q_ddsi_discovery.h
-- Installing: /mnt/nvme_partition/workspaces/lse_go2_ws/src/unitree_ros2/cyclonedds_ws/install/cyclonedds/include/dds/ddsi/q_bswap.h
-- Installing: /mnt/nvme_partition/workspaces/lse_go2_ws/src/unitree_ros2/cyclonedds_ws/install/cyclonedds/include/dds/ddsi/ddsi_sertype.h
-- Installing: /mnt/nvme_partition/workspaces/lse_go2_ws/src/unitree_ros2/cyclonedds_ws/install/cyclonedds/include/dds/ddsi/ddsi_xt_impl.h
-- Installing: /mnt/nvme_partition/workspaces/lse_go2_ws/src/unitree_ros2/cyclonedds_ws/install/cyclonedds/include/dds/ddsi/q_xevent.h
-- Installing: /mnt/nvme_partition/workspaces/lse_go2_ws/src/unitree_ros2/cyclonedds_ws/install/cyclonedds/include/dds/ddsi/q_whc.h
-- Installing: /mnt/nvme_partition/workspaces/lse_go2_ws/src/unitree_ros2/cyclonedds_ws/install/cyclonedds/include/dds/ddsi/ddsi_list_tmpl.h
-- Installing: /mnt/nvme_partition/workspaces/lse_go2_ws/src/unitree_ros2/cyclonedds_ws/install/cyclonedds/include/dds/ddsi/ddsi_typelookup.h
-- Installing: /mnt/nvme_partition/workspaces/lse_go2_ws/src/unitree_ros2/cyclonedds_ws/install/cyclonedds/include/dds/ddsi/q_thread.h
-- Installing: /mnt/nvme_partition/workspaces/lse_go2_ws/src/unitree_ros2/cyclonedds_ws/install/cyclonedds/include/dds/ddsi/ddsi_handshake.h
-- Installing: /mnt/nvme_partition/workspaces/lse_go2_ws/src/unitree_ros2/cyclonedds_ws/install/cyclonedds/include/dds/ddsi/ddsi_acknack.h
-- Installing: /mnt/nvme_partition/workspaces/lse_go2_ws/src/unitree_ros2/cyclonedds_ws/install/cyclonedds/include/dds/ddsi/ddsi_xt_typeinfo.idl
-- Installing: /mnt/nvme_partition/workspaces/lse_go2_ws/src/unitree_ros2/cyclonedds_ws/install/cyclonedds/include/dds/ddsi/ddsi_topic.h
-- Installing: /mnt/nvme_partition/workspaces/lse_go2_ws/src/unitree_ros2/cyclonedds_ws/install/cyclonedds/include/dds/ddsi/q_inverse_uint32_set.h
-- Installing: /mnt/nvme_partition/workspaces/lse_go2_ws/src/unitree_ros2/cyclonedds_ws/install/cyclonedds/include/dds/ddsi/q_bitset.h
-- Installing: /mnt/nvme_partition/workspaces/lse_go2_ws/src/unitree_ros2/cyclonedds_ws/install/cyclonedds/include/dds/ddsi/sysdeps.h
-- Installing: /mnt/nvme_partition/workspaces/lse_go2_ws/src/unitree_ros2/cyclonedds_ws/install/cyclonedds/include/dds/ddsi/ddsi_cdrstream.h
-- Installing: /mnt/nvme_partition/workspaces/lse_go2_ws/src/unitree_ros2/cyclonedds_ws/install/cyclonedds/include/dds/ddsi/ddsi_serdata_plist.h
-- Installing: /mnt/nvme_partition/workspaces/lse_go2_ws/src/unitree_ros2/cyclonedds_ws/install/cyclonedds/include/dds/ddsi/q_misc.h
-- Installing: /mnt/nvme_partition/workspaces/lse_go2_ws/src/unitree_ros2/cyclonedds_ws/install/cyclonedds/include/dds/ddsi/q_init.h
-- Installing: /mnt/nvme_partition/workspaces/lse_go2_ws/src/unitree_ros2/cyclonedds_ws/install/cyclonedds/include/dds/ddsi/q_lease.h
-- Installing: /mnt/nvme_partition/workspaces/lse_go2_ws/src/unitree_ros2/cyclonedds_ws/install/cyclonedds/include/dds/ddsi/ddsi_xt_typelookup.h
-- Installing: /mnt/nvme_partition/workspaces/lse_go2_ws/src/unitree_ros2/cyclonedds_ws/install/cyclonedds/include/dds/ddsi/ddsi_serdata_pserop.h
-- Installing: /mnt/nvme_partition/workspaces/lse_go2_ws/src/unitree_ros2/cyclonedds_ws/install/cyclonedds/include/dds/ddsi/ddsi_guid.h
-- Installing: /mnt/nvme_partition/workspaces/lse_go2_ws/src/unitree_ros2/cyclonedds_ws/install/cyclonedds/include/dds/ddsi/ddsi_deadline.h
-- Up-to-date: /mnt/nvme_partition/workspaces/lse_go2_ws/src/unitree_ros2/cyclonedds_ws/install/cyclonedds/include
-- Up-to-date: /mnt/nvme_partition/workspaces/lse_go2_ws/src/unitree_ros2/cyclonedds_ws/install/cyclonedds/include/dds
-- Installing: /mnt/nvme_partition/workspaces/lse_go2_ws/src/unitree_ros2/cyclonedds_ws/install/cyclonedds/include/dds/ddsc
-- Installing: /mnt/nvme_partition/workspaces/lse_go2_ws/src/unitree_ros2/cyclonedds_ws/install/cyclonedds/include/dds/ddsc/dds_public_qosdefs.h
-- Installing: /mnt/nvme_partition/workspaces/lse_go2_ws/src/unitree_ros2/cyclonedds_ws/install/cyclonedds/include/dds/ddsc/dds_public_status.h
-- Installing: /mnt/nvme_partition/workspaces/lse_go2_ws/src/unitree_ros2/cyclonedds_ws/install/cyclonedds/include/dds/ddsc/dds_public_listener.h
-- Installing: /mnt/nvme_partition/workspaces/lse_go2_ws/src/unitree_ros2/cyclonedds_ws/install/cyclonedds/include/dds/ddsc/dds_public_alloc.h
-- Installing: /mnt/nvme_partition/workspaces/lse_go2_ws/src/unitree_ros2/cyclonedds_ws/install/cyclonedds/include/dds/ddsc/dds_public_qos.h
-- Installing: /mnt/nvme_partition/workspaces/lse_go2_ws/src/unitree_ros2/cyclonedds_ws/install/cyclonedds/include/dds/ddsc/dds_statistics.h
-- Installing: /mnt/nvme_partition/workspaces/lse_go2_ws/src/unitree_ros2/cyclonedds_ws/install/cyclonedds/include/dds/ddsc/dds_public_impl.h
-- Installing: /mnt/nvme_partition/workspaces/lse_go2_ws/src/unitree_ros2/cyclonedds_ws/install/cyclonedds/include/dds/ddsc/dds_internal_api.h
-- Installing: /mnt/nvme_partition/workspaces/lse_go2_ws/src/unitree_ros2/cyclonedds_ws/install/cyclonedds/include/dds/ddsc/dds_opcodes.h
-- Installing: /mnt/nvme_partition/workspaces/lse_go2_ws/src/unitree_ros2/cyclonedds_ws/install/cyclonedds/include/dds/ddsc/dds_rhc.h
-- Installing: /mnt/nvme_partition/workspaces/lse_go2_ws/src/unitree_ros2/cyclonedds_ws/install/cyclonedds/include/dds/ddsc/dds_basic_types.h
-- Installing: /mnt/nvme_partition/workspaces/lse_go2_ws/src/unitree_ros2/cyclonedds_ws/install/cyclonedds/include/dds/ddsc/dds_public_error.h
-- Installing: /mnt/nvme_partition/workspaces/lse_go2_ws/src/unitree_ros2/cyclonedds_ws/install/cyclonedds/include/dds/ddsc/dds_data_allocator.h
-- Installing: /mnt/nvme_partition/workspaces/lse_go2_ws/src/unitree_ros2/cyclonedds_ws/install/cyclonedds/include/dds/ddsc/dds_loan_api.h
-- Installing: /mnt/nvme_partition/workspaces/lse_go2_ws/src/unitree_ros2/cyclonedds_ws/install/cyclonedds/include/dds/dds.h
-- Installing: /mnt/nvme_partition/workspaces/lse_go2_ws/src/unitree_ros2/cyclonedds_ws/install/cyclonedds/include/ddsc
-- Installing: /mnt/nvme_partition/workspaces/lse_go2_ws/src/unitree_ros2/cyclonedds_ws/install/cyclonedds/include/ddsc/dds.h
-- Up-to-date: /mnt/nvme_partition/workspaces/lse_go2_ws/src/unitree_ros2/cyclonedds_ws/install/cyclonedds/include
-- Up-to-date: /mnt/nvme_partition/workspaces/lse_go2_ws/src/unitree_ros2/cyclonedds_ws/install/cyclonedds/include/dds
-- Installing: /mnt/nvme_partition/workspaces/lse_go2_ws/src/unitree_ros2/cyclonedds_ws/install/cyclonedds/include/dds/export.h
-- Installing: /mnt/nvme_partition/workspaces/lse_go2_ws/src/unitree_ros2/cyclonedds_ws/install/cyclonedds/lib/libddsc.so.0.10.5
-- Installing: /mnt/nvme_partition/workspaces/lse_go2_ws/src/unitree_ros2/cyclonedds_ws/install/cyclonedds/lib/libddsc.so.0
-- Set runtime path of "/mnt/nvme_partition/workspaces/lse_go2_ws/src/unitree_ros2/cyclonedds_ws/install/cyclonedds/lib/libddsc.so.0.10.5" to "$ORIGIN/../lib"
-- Installing: /mnt/nvme_partition/workspaces/lse_go2_ws/src/unitree_ros2/cyclonedds_ws/install/cyclonedds/lib/libddsc.so
-- Installing: /mnt/nvme_partition/workspaces/lse_go2_ws/src/unitree_ros2/cyclonedds_ws/install/cyclonedds/share/doc/CycloneDDS/CONTRIBUTING.md
-- Installing: /mnt/nvme_partition/workspaces/lse_go2_ws/src/unitree_ros2/cyclonedds_ws/install/cyclonedds/share/doc/CycloneDDS/CYCLONEDDS_QUALITY_DECLARATION.md
-- Installing: /mnt/nvme_partition/workspaces/lse_go2_ws/src/unitree_ros2/cyclonedds_ws/install/cyclonedds/share/doc/CycloneDDS/LICENSE
-- Installing: /mnt/nvme_partition/workspaces/lse_go2_ws/src/unitree_ros2/cyclonedds_ws/install/cyclonedds/share/doc/CycloneDDS/NOTICE.md
-- Installing: /mnt/nvme_partition/workspaces/lse_go2_ws/src/unitree_ros2/cyclonedds_ws/install/cyclonedds/share/doc/CycloneDDS/README.md
-- Installing: /mnt/nvme_partition/workspaces/lse_go2_ws/src/unitree_ros2/cyclonedds_ws/install/cyclonedds/share/doc/CycloneDDS/CHANGELOG.rst
