-- The C compiler identification is GNU 11.4.0
-- The CXX compiler identification is GNU 11.4.0
-- Detecting C compiler ABI info
-- Detecting C compiler ABI info - done
-- Check for working C compiler: /usr/bin/cc - skipped
-- Detecting C compile features
-- Detecting C compile features - done
-- Detecting CXX compiler ABI info
-- Detecting CXX compiler ABI info - done
-- Check for working CXX compiler: /usr/bin/c++ - skipped
-- Detecting CXX compile features
-- Detecting CXX compile features - done
-- Found ament_cmake: 1.3.9 (/opt/ros/humble/share/ament_cmake/cmake)
-- Found Python3: /usr/bin/python3 (found version "3.10.12") found components: Interpreter 
-- Found geometry_msgs: 4.2.4 (/opt/ros/humble/share/geometry_msgs/cmake)
-- Found rosidl_generator_c: 3.1.5 (/opt/ros/humble/share/rosidl_generator_c/cmake)
-- Found rosidl_adapter: 3.1.5 (/opt/ros/humble/share/rosidl_adapter/cmake)
-- Found rosidl_generator_cpp: 3.1.5 (/opt/ros/humble/share/rosidl_generator_cpp/cmake)
-- Using all available rosidl_typesupport_c: rosidl_typesupport_fastrtps_c;rosidl_typesupport_introspection_c
-- Using all available rosidl_typesupport_cpp: rosidl_typesupport_fastrtps_cpp;rosidl_typesupport_introspection_cpp
-- Found rosidl_default_generators: 1.2.0 (/opt/ros/humble/share/rosidl_default_generators/cmake)
-- Found rosidl_generator_dds_idl: 0.8.1 (/opt/ros/humble/share/rosidl_generator_dds_idl/cmake)
-- Found ament_cmake_ros: 0.10.0 (/opt/ros/humble/share/ament_cmake_ros/cmake)
-- Using all available rosidl_typesupport_c: rosidl_typesupport_fastrtps_c;rosidl_typesupport_introspection_c
-- Using all available rosidl_typesupport_cpp: rosidl_typesupport_fastrtps_cpp;rosidl_typesupport_introspection_cpp
-- Found PythonInterp: /usr/bin/python3 (found suitable version "3.10.12", minimum required is "3.6") 
-- Found python_cmake_module: 0.10.0 (/opt/ros/humble/share/python_cmake_module/cmake)
-- Found PythonLibs: /usr/lib/x86_64-linux-gnu/libpython3.10.so (found suitable version "3.10.12", minimum required is "3.5") 
-- Using PYTHON_EXECUTABLE: /usr/bin/python3
-- Using PYTHON_INCLUDE_DIRS: /usr/include/python3.10
-- Using PYTHON_LIBRARIES: /usr/lib/x86_64-linux-gnu/libpython3.10.so
-- Found PythonExtra: .so  
-- Found ament_lint_auto: 0.12.11 (/opt/ros/humble/share/ament_lint_auto/cmake)
-- Added test 'copyright' to check source files copyright and LICENSE
-- Added test 'lint_cmake' to check CMake code style
-- Added test 'xmllint' to check XML markup files
-- Configuring done
-- Generating done
-- Build files have been written to: /mnt/nvme_partition/workspaces/lse_go2_ws/src/unitree_ros2/cyclonedds_ws/build/unitree_api
[  1%] [34m[1mGenerating C code for ROS interfaces[0m
[  2%] [34m[1mGenerating DDS interfaces[0m
[  3%] [34m[1mGenerating C++ code for ROS interfaces[0m
[  3%] Built target ament_cmake_python_copy_unitree_api
running egg_info
creating unitree_api.egg-info
writing unitree_api.egg-info/PKG-INFO
writing dependency_links to unitree_api.egg-info/dependency_links.txt
writing top-level names to unitree_api.egg-info/top_level.txt
writing manifest file 'unitree_api.egg-info/SOURCES.txt'
reading manifest file 'unitree_api.egg-info/SOURCES.txt'
writing manifest file 'unitree_api.egg-info/SOURCES.txt'
[  3%] Built target ament_cmake_python_build_unitree_api_egg
[  3%] Built target unitree_api__dds_connext_idl
[  3%] Built target unitree_api__cpp
[  4%] [34m[1mGenerating C++ type support for eProsima Fast-RTPS[0m
[  5%] [34m[1mGenerating C++ introspection for ROS interfaces[0m
[  6%] [34m[1mGenerating C++ type support dispatch for ROS interfaces[0m
[  7%] [32mBuilding C object CMakeFiles/unitree_api__rosidl_generator_c.dir/rosidl_generator_c/unitree_api/msg/detail/request__functions.c.o[0m
[ 11%] [32mBuilding C object CMakeFiles/unitree_api__rosidl_generator_c.dir/rosidl_generator_c/unitree_api/msg/detail/request_identity__functions.c.o[0m
[ 11%] [32mBuilding C object CMakeFiles/unitree_api__rosidl_generator_c.dir/rosidl_generator_c/unitree_api/msg/detail/request_lease__functions.c.o[0m
[ 11%] [32mBuilding C object CMakeFiles/unitree_api__rosidl_generator_c.dir/rosidl_generator_c/unitree_api/msg/detail/request_header__functions.c.o[0m
[ 12%] [32mBuilding C object CMakeFiles/unitree_api__rosidl_generator_c.dir/rosidl_generator_c/unitree_api/msg/detail/request_policy__functions.c.o[0m
[ 13%] [32mBuilding C object CMakeFiles/unitree_api__rosidl_generator_c.dir/rosidl_generator_c/unitree_api/msg/detail/response__functions.c.o[0m
[ 14%] [32mBuilding C object CMakeFiles/unitree_api__rosidl_generator_c.dir/rosidl_generator_c/unitree_api/msg/detail/response_header__functions.c.o[0m
[ 15%] [32mBuilding C object CMakeFiles/unitree_api__rosidl_generator_c.dir/rosidl_generator_c/unitree_api/msg/detail/response_status__functions.c.o[0m
[ 17%] [32m[1mLinking C shared library libunitree_api__rosidl_generator_c.so[0m
[ 17%] Built target unitree_api__rosidl_generator_c
[ 18%] [34m[1mGenerating C type support for eProsima Fast-RTPS[0m
[ 20%] [34m[1mGenerating C type support dispatch for ROS interfaces[0m
[ 20%] [34m[1mGenerating C introspection for ROS interfaces[0m
[ 21%] [32mBuilding CXX object CMakeFiles/unitree_api__rosidl_typesupport_cpp.dir/rosidl_typesupport_cpp/unitree_api/msg/request__type_support.cpp.o[0m
[ 22%] [32mBuilding CXX object CMakeFiles/unitree_api__rosidl_typesupport_cpp.dir/rosidl_typesupport_cpp/unitree_api/msg/request_header__type_support.cpp.o[0m
[ 25%] [32mBuilding CXX object CMakeFiles/unitree_api__rosidl_typesupport_cpp.dir/rosidl_typesupport_cpp/unitree_api/msg/request_lease__type_support.cpp.o[0m
[ 25%] [32mBuilding CXX object CMakeFiles/unitree_api__rosidl_typesupport_cpp.dir/rosidl_typesupport_cpp/unitree_api/msg/request_identity__type_support.cpp.o[0m
[ 28%] [32mBuilding CXX object CMakeFiles/unitree_api__rosidl_typesupport_cpp.dir/rosidl_typesupport_cpp/unitree_api/msg/request_policy__type_support.cpp.o[0m
[ 28%] [32mBuilding CXX object CMakeFiles/unitree_api__rosidl_typesupport_cpp.dir/rosidl_typesupport_cpp/unitree_api/msg/response_header__type_support.cpp.o[0m
[ 28%] [32mBuilding CXX object CMakeFiles/unitree_api__rosidl_typesupport_cpp.dir/rosidl_typesupport_cpp/unitree_api/msg/response__type_support.cpp.o[0m
[ 29%] [32mBuilding CXX object CMakeFiles/unitree_api__rosidl_typesupport_cpp.dir/rosidl_typesupport_cpp/unitree_api/msg/response_status__type_support.cpp.o[0m
[ 36%] [32mBuilding CXX object CMakeFiles/unitree_api__rosidl_typesupport_introspection_cpp.dir/rosidl_typesupport_introspection_cpp/unitree_api/msg/detail/request__type_support.cpp.o[0m
[ 36%] [32mBuilding CXX object CMakeFiles/unitree_api__rosidl_typesupport_introspection_cpp.dir/rosidl_typesupport_introspection_cpp/unitree_api/msg/detail/request_header__type_support.cpp.o[0m
[ 36%] [32mBuilding CXX object CMakeFiles/unitree_api__rosidl_typesupport_c.dir/rosidl_typesupport_c/unitree_api/msg/request__type_support.cpp.o[0m
[ 36%] [32mBuilding CXX object CMakeFiles/unitree_api__rosidl_typesupport_c.dir/rosidl_typesupport_c/unitree_api/msg/request_identity__type_support.cpp.o[0m
[ 36%] [32mBuilding CXX object CMakeFiles/unitree_api__rosidl_typesupport_c.dir/rosidl_typesupport_c/unitree_api/msg/request_header__type_support.cpp.o[0m
[ 38%] [32mBuilding CXX object CMakeFiles/unitree_api__rosidl_typesupport_c.dir/rosidl_typesupport_c/unitree_api/msg/request_lease__type_support.cpp.o[0m
[ 38%] [32mBuilding CXX object CMakeFiles/unitree_api__rosidl_typesupport_introspection_cpp.dir/rosidl_typesupport_introspection_cpp/unitree_api/msg/detail/request_lease__type_support.cpp.o[0m
[ 39%] [32mBuilding CXX object CMakeFiles/unitree_api__rosidl_typesupport_c.dir/rosidl_typesupport_c/unitree_api/msg/request_policy__type_support.cpp.o[0m
[ 39%] [32mBuilding CXX object CMakeFiles/unitree_api__rosidl_typesupport_introspection_cpp.dir/rosidl_typesupport_introspection_cpp/unitree_api/msg/detail/request_identity__type_support.cpp.o[0m
[ 40%] [32mBuilding CXX object CMakeFiles/unitree_api__rosidl_typesupport_introspection_cpp.dir/rosidl_typesupport_introspection_cpp/unitree_api/msg/detail/response__type_support.cpp.o[0m
[ 42%] [32mBuilding CXX object CMakeFiles/unitree_api__rosidl_typesupport_introspection_cpp.dir/rosidl_typesupport_introspection_cpp/unitree_api/msg/detail/request_policy__type_support.cpp.o[0m
[ 43%] [32mBuilding CXX object CMakeFiles/unitree_api__rosidl_typesupport_introspection_cpp.dir/rosidl_typesupport_introspection_cpp/unitree_api/msg/detail/response_status__type_support.cpp.o[0m
[ 44%] [32mBuilding CXX object CMakeFiles/unitree_api__rosidl_typesupport_introspection_cpp.dir/rosidl_typesupport_introspection_cpp/unitree_api/msg/detail/response_header__type_support.cpp.o[0m
[ 45%] [32mBuilding CXX object CMakeFiles/unitree_api__rosidl_typesupport_c.dir/rosidl_typesupport_c/unitree_api/msg/response_header__type_support.cpp.o[0m
[ 47%] [32mBuilding CXX object CMakeFiles/unitree_api__rosidl_typesupport_c.dir/rosidl_typesupport_c/unitree_api/msg/response_status__type_support.cpp.o[0m
[ 47%] [32mBuilding CXX object CMakeFiles/unitree_api__rosidl_typesupport_c.dir/rosidl_typesupport_c/unitree_api/msg/response__type_support.cpp.o[0m
[ 48%] [32mBuilding C object CMakeFiles/unitree_api__rosidl_typesupport_introspection_c.dir/rosidl_typesupport_introspection_c/unitree_api/msg/detail/request_identity__type_support.c.o[0m
[ 50%] [32mBuilding C object CMakeFiles/unitree_api__rosidl_typesupport_introspection_c.dir/rosidl_typesupport_introspection_c/unitree_api/msg/detail/request__type_support.c.o[0m
[ 51%] [32mBuilding C object CMakeFiles/unitree_api__rosidl_typesupport_introspection_c.dir/rosidl_typesupport_introspection_c/unitree_api/msg/detail/request_header__type_support.c.o[0m
[ 52%] [32mBuilding C object CMakeFiles/unitree_api__rosidl_typesupport_introspection_c.dir/rosidl_typesupport_introspection_c/unitree_api/msg/detail/request_policy__type_support.c.o[0m
[ 53%] [32mBuilding C object CMakeFiles/unitree_api__rosidl_typesupport_introspection_c.dir/rosidl_typesupport_introspection_c/unitree_api/msg/detail/response__type_support.c.o[0m
[ 54%] [32mBuilding C object CMakeFiles/unitree_api__rosidl_typesupport_introspection_c.dir/rosidl_typesupport_introspection_c/unitree_api/msg/detail/request_lease__type_support.c.o[0m
[ 56%] [32mBuilding C object CMakeFiles/unitree_api__rosidl_typesupport_introspection_c.dir/rosidl_typesupport_introspection_c/unitree_api/msg/detail/response_header__type_support.c.o[0m
[ 56%] [32mBuilding C object CMakeFiles/unitree_api__rosidl_typesupport_introspection_c.dir/rosidl_typesupport_introspection_c/unitree_api/msg/detail/response_status__type_support.c.o[0m
[ 57%] [32m[1mLinking CXX shared library libunitree_api__rosidl_typesupport_c.so[0m
[ 59%] [32m[1mLinking C shared library libunitree_api__rosidl_typesupport_introspection_c.so[0m
[ 59%] Built target unitree_api__rosidl_typesupport_c
[ 59%] Built target unitree_api__rosidl_typesupport_introspection_c
[ 60%] [32m[1mLinking CXX shared library libunitree_api__rosidl_typesupport_cpp.so[0m
[ 62%] [32mBuilding CXX object CMakeFiles/unitree_api__rosidl_typesupport_fastrtps_c.dir/rosidl_typesupport_fastrtps_c/unitree_api/msg/detail/request__type_support_c.cpp.o[0m
[ 62%] [32mBuilding CXX object CMakeFiles/unitree_api__rosidl_typesupport_fastrtps_c.dir/rosidl_typesupport_fastrtps_c/unitree_api/msg/detail/request_header__type_support_c.cpp.o[0m
[ 63%] [32mBuilding CXX object CMakeFiles/unitree_api__rosidl_typesupport_fastrtps_c.dir/rosidl_typesupport_fastrtps_c/unitree_api/msg/detail/request_identity__type_support_c.cpp.o[0m
[ 64%] [32mBuilding CXX object CMakeFiles/unitree_api__rosidl_typesupport_fastrtps_c.dir/rosidl_typesupport_fastrtps_c/unitree_api/msg/detail/request_lease__type_support_c.cpp.o[0m
[ 65%] [32mBuilding CXX object CMakeFiles/unitree_api__rosidl_typesupport_fastrtps_c.dir/rosidl_typesupport_fastrtps_c/unitree_api/msg/detail/request_policy__type_support_c.cpp.o[0m
[ 67%] [32mBuilding CXX object CMakeFiles/unitree_api__rosidl_typesupport_fastrtps_c.dir/rosidl_typesupport_fastrtps_c/unitree_api/msg/detail/response__type_support_c.cpp.o[0m
[ 68%] [32mBuilding CXX object CMakeFiles/unitree_api__rosidl_typesupport_fastrtps_c.dir/rosidl_typesupport_fastrtps_c/unitree_api/msg/detail/response_status__type_support_c.cpp.o[0m
[ 69%] [32mBuilding CXX object CMakeFiles/unitree_api__rosidl_typesupport_fastrtps_c.dir/rosidl_typesupport_fastrtps_c/unitree_api/msg/detail/response_header__type_support_c.cpp.o[0m
[ 69%] Built target unitree_api__rosidl_typesupport_cpp
[ 72%] [32mBuilding CXX object CMakeFiles/unitree_api__rosidl_typesupport_fastrtps_cpp.dir/rosidl_typesupport_fastrtps_cpp/unitree_api/msg/detail/dds_fastrtps/response_status__type_support.cpp.o[0m
[ 72%] [32mBuilding CXX object CMakeFiles/unitree_api__rosidl_typesupport_fastrtps_cpp.dir/rosidl_typesupport_fastrtps_cpp/unitree_api/msg/detail/dds_fastrtps/request_header__type_support.cpp.o[0m
[ 72%] [32mBuilding CXX object CMakeFiles/unitree_api__rosidl_typesupport_fastrtps_cpp.dir/rosidl_typesupport_fastrtps_cpp/unitree_api/msg/detail/dds_fastrtps/request__type_support.cpp.o[0m
[ 73%] [32mBuilding CXX object CMakeFiles/unitree_api__rosidl_typesupport_fastrtps_cpp.dir/rosidl_typesupport_fastrtps_cpp/unitree_api/msg/detail/dds_fastrtps/request_identity__type_support.cpp.o[0m
[ 75%] [32mBuilding CXX object CMakeFiles/unitree_api__rosidl_typesupport_fastrtps_cpp.dir/rosidl_typesupport_fastrtps_cpp/unitree_api/msg/detail/dds_fastrtps/request_lease__type_support.cpp.o[0m
[ 77%] [32mBuilding CXX object CMakeFiles/unitree_api__rosidl_typesupport_fastrtps_cpp.dir/rosidl_typesupport_fastrtps_cpp/unitree_api/msg/detail/dds_fastrtps/response__type_support.cpp.o[0m
[ 76%] [32mBuilding CXX object CMakeFiles/unitree_api__rosidl_typesupport_fastrtps_cpp.dir/rosidl_typesupport_fastrtps_cpp/unitree_api/msg/detail/dds_fastrtps/request_policy__type_support.cpp.o[0m
[ 78%] [32mBuilding CXX object CMakeFiles/unitree_api__rosidl_typesupport_fastrtps_cpp.dir/rosidl_typesupport_fastrtps_cpp/unitree_api/msg/detail/dds_fastrtps/response_header__type_support.cpp.o[0m
[ 79%] [32m[1mLinking CXX shared library libunitree_api__rosidl_typesupport_introspection_cpp.so[0m
[ 79%] Built target unitree_api__rosidl_typesupport_introspection_cpp
[ 80%] [32m[1mLinking CXX shared library libunitree_api__rosidl_typesupport_fastrtps_c.so[0m
[ 80%] Built target unitree_api__rosidl_typesupport_fastrtps_c
[ 81%] [32m[1mLinking CXX shared library libunitree_api__rosidl_typesupport_fastrtps_cpp.so[0m
[ 81%] Built target unitree_api__rosidl_typesupport_fastrtps_cpp
[ 81%] Built target unitree_api
[ 82%] [34m[1mGenerating Python code for ROS interfaces[0m
[ 82%] Built target unitree_api__py
[ 84%] [32mBuilding C object CMakeFiles/unitree_api__rosidl_generator_py.dir/rosidl_generator_py/unitree_api/msg/_request_header_s.c.o[0m
[ 85%] [32mBuilding C object CMakeFiles/unitree_api__rosidl_generator_py.dir/rosidl_generator_py/unitree_api/msg/_request_s.c.o[0m
[ 86%] [32mBuilding C object CMakeFiles/unitree_api__rosidl_generator_py.dir/rosidl_generator_py/unitree_api/msg/_request_identity_s.c.o[0m
[ 87%] [32mBuilding C object CMakeFiles/unitree_api__rosidl_generator_py.dir/rosidl_generator_py/unitree_api/msg/_request_lease_s.c.o[0m
[ 88%] [32mBuilding C object CMakeFiles/unitree_api__rosidl_generator_py.dir/rosidl_generator_py/unitree_api/msg/_request_policy_s.c.o[0m
[ 89%] [32mBuilding C object CMakeFiles/unitree_api__rosidl_generator_py.dir/rosidl_generator_py/unitree_api/msg/_response_s.c.o[0m
[ 90%] [32mBuilding C object CMakeFiles/unitree_api__rosidl_generator_py.dir/rosidl_generator_py/unitree_api/msg/_response_header_s.c.o[0m
[ 92%] [32mBuilding C object CMakeFiles/unitree_api__rosidl_generator_py.dir/rosidl_generator_py/unitree_api/msg/_response_status_s.c.o[0m
[ 93%] [32m[1mLinking C shared library rosidl_generator_py/unitree_api/libunitree_api__rosidl_generator_py.so[0m
[ 93%] Built target unitree_api__rosidl_generator_py
[ 94%] [32mBuilding C object CMakeFiles/unitree_api__rosidl_typesupport_fastrtps_c__pyext.dir/rosidl_generator_py/unitree_api/_unitree_api_s.ep.rosidl_typesupport_fastrtps_c.c.o[0m
[ 95%] [32mBuilding C object CMakeFiles/unitree_api__rosidl_typesupport_introspection_c__pyext.dir/rosidl_generator_py/unitree_api/_unitree_api_s.ep.rosidl_typesupport_introspection_c.c.o[0m
[ 96%] [32mBuilding C object CMakeFiles/unitree_api__rosidl_typesupport_c__pyext.dir/rosidl_generator_py/unitree_api/_unitree_api_s.ep.rosidl_typesupport_c.c.o[0m
[ 97%] [32m[1mLinking C shared library rosidl_generator_py/unitree_api/unitree_api_s__rosidl_typesupport_fastrtps_c.cpython-310-x86_64-linux-gnu.so[0m
[ 97%] Built target unitree_api__rosidl_typesupport_fastrtps_c__pyext
[ 98%] [32m[1mLinking C shared library rosidl_generator_py/unitree_api/unitree_api_s__rosidl_typesupport_introspection_c.cpython-310-x86_64-linux-gnu.so[0m
[100%] [32m[1mLinking C shared library rosidl_generator_py/unitree_api/unitree_api_s__rosidl_typesupport_c.cpython-310-x86_64-linux-gnu.so[0m
[100%] Built target unitree_api__rosidl_typesupport_introspection_c__pyext
[100%] Built target unitree_api__rosidl_typesupport_c__pyext
-- Install configuration: ""
-- Installing: /mnt/nvme_partition/workspaces/lse_go2_ws/src/unitree_ros2/cyclonedds_ws/install/unitree_api/share/ament_index/resource_index/rosidl_interfaces/unitree_api
-- Installing: /mnt/nvme_partition/workspaces/lse_go2_ws/src/unitree_ros2/cyclonedds_ws/install/unitree_api/include/unitree_api/unitree_api
-- Installing: /mnt/nvme_partition/workspaces/lse_go2_ws/src/unitree_ros2/cyclonedds_ws/install/unitree_api/include/unitree_api/unitree_api/msg
-- Installing: /mnt/nvme_partition/workspaces/lse_go2_ws/src/unitree_ros2/cyclonedds_ws/install/unitree_api/include/unitree_api/unitree_api/msg/response_status.h
-- Installing: /mnt/nvme_partition/workspaces/lse_go2_ws/src/unitree_ros2/cyclonedds_ws/install/unitree_api/include/unitree_api/unitree_api/msg/request_header.h
-- Installing: /mnt/nvme_partition/workspaces/lse_go2_ws/src/unitree_ros2/cyclonedds_ws/install/unitree_api/include/unitree_api/unitree_api/msg/response.h
-- Installing: /mnt/nvme_partition/workspaces/lse_go2_ws/src/unitree_ros2/cyclonedds_ws/install/unitree_api/include/unitree_api/unitree_api/msg/response_header.h
-- Installing: /mnt/nvme_partition/workspaces/lse_go2_ws/src/unitree_ros2/cyclonedds_ws/install/unitree_api/include/unitree_api/unitree_api/msg/request_policy.h
-- Installing: /mnt/nvme_partition/workspaces/lse_go2_ws/src/unitree_ros2/cyclonedds_ws/install/unitree_api/include/unitree_api/unitree_api/msg/request_identity.h
-- Installing: /mnt/nvme_partition/workspaces/lse_go2_ws/src/unitree_ros2/cyclonedds_ws/install/unitree_api/include/unitree_api/unitree_api/msg/rosidl_generator_c__visibility_control.h
-- Installing: /mnt/nvme_partition/workspaces/lse_go2_ws/src/unitree_ros2/cyclonedds_ws/install/unitree_api/include/unitree_api/unitree_api/msg/request.h
-- Installing: /mnt/nvme_partition/workspaces/lse_go2_ws/src/unitree_ros2/cyclonedds_ws/install/unitree_api/include/unitree_api/unitree_api/msg/request_lease.h
-- Installing: /mnt/nvme_partition/workspaces/lse_go2_ws/src/unitree_ros2/cyclonedds_ws/install/unitree_api/include/unitree_api/unitree_api/msg/detail
-- Installing: /mnt/nvme_partition/workspaces/lse_go2_ws/src/unitree_ros2/cyclonedds_ws/install/unitree_api/include/unitree_api/unitree_api/msg/detail/response__type_support.h
-- Installing: /mnt/nvme_partition/workspaces/lse_go2_ws/src/unitree_ros2/cyclonedds_ws/install/unitree_api/include/unitree_api/unitree_api/msg/detail/response__struct.h
-- Installing: /mnt/nvme_partition/workspaces/lse_go2_ws/src/unitree_ros2/cyclonedds_ws/install/unitree_api/include/unitree_api/unitree_api/msg/detail/request_policy__type_support.h
-- Installing: /mnt/nvme_partition/workspaces/lse_go2_ws/src/unitree_ros2/cyclonedds_ws/install/unitree_api/include/unitree_api/unitree_api/msg/detail/request_lease__functions.h
-- Installing: /mnt/nvme_partition/workspaces/lse_go2_ws/src/unitree_ros2/cyclonedds_ws/install/unitree_api/include/unitree_api/unitree_api/msg/detail/response_status__struct.h
-- Installing: /mnt/nvme_partition/workspaces/lse_go2_ws/src/unitree_ros2/cyclonedds_ws/install/unitree_api/include/unitree_api/unitree_api/msg/detail/response_status__functions.h
-- Installing: /mnt/nvme_partition/workspaces/lse_go2_ws/src/unitree_ros2/cyclonedds_ws/install/unitree_api/include/unitree_api/unitree_api/msg/detail/request_lease__type_support.h
-- Installing: /mnt/nvme_partition/workspaces/lse_go2_ws/src/unitree_ros2/cyclonedds_ws/install/unitree_api/include/unitree_api/unitree_api/msg/detail/response_header__type_support.h
-- Installing: /mnt/nvme_partition/workspaces/lse_go2_ws/src/unitree_ros2/cyclonedds_ws/install/unitree_api/include/unitree_api/unitree_api/msg/detail/request_header__functions.h
-- Installing: /mnt/nvme_partition/workspaces/lse_go2_ws/src/unitree_ros2/cyclonedds_ws/install/unitree_api/include/unitree_api/unitree_api/msg/detail/request_policy__functions.c
-- Installing: /mnt/nvme_partition/workspaces/lse_go2_ws/src/unitree_ros2/cyclonedds_ws/install/unitree_api/include/unitree_api/unitree_api/msg/detail/request_policy__struct.h
-- Installing: /mnt/nvme_partition/workspaces/lse_go2_ws/src/unitree_ros2/cyclonedds_ws/install/unitree_api/include/unitree_api/unitree_api/msg/detail/response__functions.c
-- Installing: /mnt/nvme_partition/workspaces/lse_go2_ws/src/unitree_ros2/cyclonedds_ws/install/unitree_api/include/unitree_api/unitree_api/msg/detail/request__type_support.h
-- Installing: /mnt/nvme_partition/workspaces/lse_go2_ws/src/unitree_ros2/cyclonedds_ws/install/unitree_api/include/unitree_api/unitree_api/msg/detail/response_status__functions.c
-- Installing: /mnt/nvme_partition/workspaces/lse_go2_ws/src/unitree_ros2/cyclonedds_ws/install/unitree_api/include/unitree_api/unitree_api/msg/detail/request__struct.h
-- Installing: /mnt/nvme_partition/workspaces/lse_go2_ws/src/unitree_ros2/cyclonedds_ws/install/unitree_api/include/unitree_api/unitree_api/msg/detail/request_identity__type_support.h
-- Installing: /mnt/nvme_partition/workspaces/lse_go2_ws/src/unitree_ros2/cyclonedds_ws/install/unitree_api/include/unitree_api/unitree_api/msg/detail/request_lease__struct.h
-- Installing: /mnt/nvme_partition/workspaces/lse_go2_ws/src/unitree_ros2/cyclonedds_ws/install/unitree_api/include/unitree_api/unitree_api/msg/detail/request_identity__struct.h
-- Installing: /mnt/nvme_partition/workspaces/lse_go2_ws/src/unitree_ros2/cyclonedds_ws/install/unitree_api/include/unitree_api/unitree_api/msg/detail/request_identity__functions.c
-- Installing: /mnt/nvme_partition/workspaces/lse_go2_ws/src/unitree_ros2/cyclonedds_ws/install/unitree_api/include/unitree_api/unitree_api/msg/detail/response_header__functions.c
-- Installing: /mnt/nvme_partition/workspaces/lse_go2_ws/src/unitree_ros2/cyclonedds_ws/install/unitree_api/include/unitree_api/unitree_api/msg/detail/request_header__functions.c
-- Installing: /mnt/nvme_partition/workspaces/lse_go2_ws/src/unitree_ros2/cyclonedds_ws/install/unitree_api/include/unitree_api/unitree_api/msg/detail/response__functions.h
-- Installing: /mnt/nvme_partition/workspaces/lse_go2_ws/src/unitree_ros2/cyclonedds_ws/install/unitree_api/include/unitree_api/unitree_api/msg/detail/request_identity__functions.h
-- Installing: /mnt/nvme_partition/workspaces/lse_go2_ws/src/unitree_ros2/cyclonedds_ws/install/unitree_api/include/unitree_api/unitree_api/msg/detail/request_policy__functions.h
-- Installing: /mnt/nvme_partition/workspaces/lse_go2_ws/src/unitree_ros2/cyclonedds_ws/install/unitree_api/include/unitree_api/unitree_api/msg/detail/request_header__struct.h
-- Installing: /mnt/nvme_partition/workspaces/lse_go2_ws/src/unitree_ros2/cyclonedds_ws/install/unitree_api/include/unitree_api/unitree_api/msg/detail/response_header__struct.h
-- Installing: /mnt/nvme_partition/workspaces/lse_go2_ws/src/unitree_ros2/cyclonedds_ws/install/unitree_api/include/unitree_api/unitree_api/msg/detail/request_lease__functions.c
-- Installing: /mnt/nvme_partition/workspaces/lse_go2_ws/src/unitree_ros2/cyclonedds_ws/install/unitree_api/include/unitree_api/unitree_api/msg/detail/response_status__type_support.h
-- Installing: /mnt/nvme_partition/workspaces/lse_go2_ws/src/unitree_ros2/cyclonedds_ws/install/unitree_api/include/unitree_api/unitree_api/msg/detail/response_header__functions.h
-- Installing: /mnt/nvme_partition/workspaces/lse_go2_ws/src/unitree_ros2/cyclonedds_ws/install/unitree_api/include/unitree_api/unitree_api/msg/detail/request_header__type_support.h
-- Installing: /mnt/nvme_partition/workspaces/lse_go2_ws/src/unitree_ros2/cyclonedds_ws/install/unitree_api/include/unitree_api/unitree_api/msg/detail/request__functions.c
-- Installing: /mnt/nvme_partition/workspaces/lse_go2_ws/src/unitree_ros2/cyclonedds_ws/install/unitree_api/include/unitree_api/unitree_api/msg/detail/request__functions.h
-- Installing: /mnt/nvme_partition/workspaces/lse_go2_ws/src/unitree_ros2/cyclonedds_ws/install/unitree_api/share/unitree_api/environment/library_path.sh
-- Installing: /mnt/nvme_partition/workspaces/lse_go2_ws/src/unitree_ros2/cyclonedds_ws/install/unitree_api/share/unitree_api/environment/library_path.dsv
-- Installing: /mnt/nvme_partition/workspaces/lse_go2_ws/src/unitree_ros2/cyclonedds_ws/install/unitree_api/lib/libunitree_api__rosidl_generator_c.so
-- Set runtime path of "/mnt/nvme_partition/workspaces/lse_go2_ws/src/unitree_ros2/cyclonedds_ws/install/unitree_api/lib/libunitree_api__rosidl_generator_c.so" to ""
-- Up-to-date: /mnt/nvme_partition/workspaces/lse_go2_ws/src/unitree_ros2/cyclonedds_ws/install/unitree_api/include/unitree_api/unitree_api
-- Up-to-date: /mnt/nvme_partition/workspaces/lse_go2_ws/src/unitree_ros2/cyclonedds_ws/install/unitree_api/include/unitree_api/unitree_api/msg
-- Installing: /mnt/nvme_partition/workspaces/lse_go2_ws/src/unitree_ros2/cyclonedds_ws/install/unitree_api/include/unitree_api/unitree_api/msg/rosidl_typesupport_fastrtps_c__visibility_control.h
-- Up-to-date: /mnt/nvme_partition/workspaces/lse_go2_ws/src/unitree_ros2/cyclonedds_ws/install/unitree_api/include/unitree_api/unitree_api/msg/detail
-- Installing: /mnt/nvme_partition/workspaces/lse_go2_ws/src/unitree_ros2/cyclonedds_ws/install/unitree_api/include/unitree_api/unitree_api/msg/detail/request_identity__rosidl_typesupport_fastrtps_c.h
-- Installing: /mnt/nvme_partition/workspaces/lse_go2_ws/src/unitree_ros2/cyclonedds_ws/install/unitree_api/include/unitree_api/unitree_api/msg/detail/request__rosidl_typesupport_fastrtps_c.h
-- Installing: /mnt/nvme_partition/workspaces/lse_go2_ws/src/unitree_ros2/cyclonedds_ws/install/unitree_api/include/unitree_api/unitree_api/msg/detail/response_status__rosidl_typesupport_fastrtps_c.h
-- Installing: /mnt/nvme_partition/workspaces/lse_go2_ws/src/unitree_ros2/cyclonedds_ws/install/unitree_api/include/unitree_api/unitree_api/msg/detail/response_header__rosidl_typesupport_fastrtps_c.h
-- Installing: /mnt/nvme_partition/workspaces/lse_go2_ws/src/unitree_ros2/cyclonedds_ws/install/unitree_api/include/unitree_api/unitree_api/msg/detail/request_policy__rosidl_typesupport_fastrtps_c.h
-- Installing: /mnt/nvme_partition/workspaces/lse_go2_ws/src/unitree_ros2/cyclonedds_ws/install/unitree_api/include/unitree_api/unitree_api/msg/detail/request_header__rosidl_typesupport_fastrtps_c.h
-- Installing: /mnt/nvme_partition/workspaces/lse_go2_ws/src/unitree_ros2/cyclonedds_ws/install/unitree_api/include/unitree_api/unitree_api/msg/detail/request_lease__rosidl_typesupport_fastrtps_c.h
-- Installing: /mnt/nvme_partition/workspaces/lse_go2_ws/src/unitree_ros2/cyclonedds_ws/install/unitree_api/include/unitree_api/unitree_api/msg/detail/response__rosidl_typesupport_fastrtps_c.h
-- Installing: /mnt/nvme_partition/workspaces/lse_go2_ws/src/unitree_ros2/cyclonedds_ws/install/unitree_api/lib/libunitree_api__rosidl_typesupport_fastrtps_c.so
-- Set runtime path of "/mnt/nvme_partition/workspaces/lse_go2_ws/src/unitree_ros2/cyclonedds_ws/install/unitree_api/lib/libunitree_api__rosidl_typesupport_fastrtps_c.so" to ""
-- Up-to-date: /mnt/nvme_partition/workspaces/lse_go2_ws/src/unitree_ros2/cyclonedds_ws/install/unitree_api/include/unitree_api/unitree_api
-- Up-to-date: /mnt/nvme_partition/workspaces/lse_go2_ws/src/unitree_ros2/cyclonedds_ws/install/unitree_api/include/unitree_api/unitree_api/msg
-- Installing: /mnt/nvme_partition/workspaces/lse_go2_ws/src/unitree_ros2/cyclonedds_ws/install/unitree_api/include/unitree_api/unitree_api/msg/response_header.hpp
-- Installing: /mnt/nvme_partition/workspaces/lse_go2_ws/src/unitree_ros2/cyclonedds_ws/install/unitree_api/include/unitree_api/unitree_api/msg/request.hpp
-- Installing: /mnt/nvme_partition/workspaces/lse_go2_ws/src/unitree_ros2/cyclonedds_ws/install/unitree_api/include/unitree_api/unitree_api/msg/response_status.hpp
-- Installing: /mnt/nvme_partition/workspaces/lse_go2_ws/src/unitree_ros2/cyclonedds_ws/install/unitree_api/include/unitree_api/unitree_api/msg/request_header.hpp
-- Installing: /mnt/nvme_partition/workspaces/lse_go2_ws/src/unitree_ros2/cyclonedds_ws/install/unitree_api/include/unitree_api/unitree_api/msg/request_lease.hpp
-- Installing: /mnt/nvme_partition/workspaces/lse_go2_ws/src/unitree_ros2/cyclonedds_ws/install/unitree_api/include/unitree_api/unitree_api/msg/request_policy.hpp
-- Installing: /mnt/nvme_partition/workspaces/lse_go2_ws/src/unitree_ros2/cyclonedds_ws/install/unitree_api/include/unitree_api/unitree_api/msg/request_identity.hpp
-- Installing: /mnt/nvme_partition/workspaces/lse_go2_ws/src/unitree_ros2/cyclonedds_ws/install/unitree_api/include/unitree_api/unitree_api/msg/response.hpp
-- Up-to-date: /mnt/nvme_partition/workspaces/lse_go2_ws/src/unitree_ros2/cyclonedds_ws/install/unitree_api/include/unitree_api/unitree_api/msg/detail
-- Installing: /mnt/nvme_partition/workspaces/lse_go2_ws/src/unitree_ros2/cyclonedds_ws/install/unitree_api/include/unitree_api/unitree_api/msg/detail/response_header__builder.hpp
-- Installing: /mnt/nvme_partition/workspaces/lse_go2_ws/src/unitree_ros2/cyclonedds_ws/install/unitree_api/include/unitree_api/unitree_api/msg/detail/request_header__struct.hpp
-- Installing: /mnt/nvme_partition/workspaces/lse_go2_ws/src/unitree_ros2/cyclonedds_ws/install/unitree_api/include/unitree_api/unitree_api/msg/detail/response_header__traits.hpp
-- Installing: /mnt/nvme_partition/workspaces/lse_go2_ws/src/unitree_ros2/cyclonedds_ws/install/unitree_api/include/unitree_api/unitree_api/msg/detail/request_lease__struct.hpp
-- Installing: /mnt/nvme_partition/workspaces/lse_go2_ws/src/unitree_ros2/cyclonedds_ws/install/unitree_api/include/unitree_api/unitree_api/msg/detail/request_policy__builder.hpp
-- Installing: /mnt/nvme_partition/workspaces/lse_go2_ws/src/unitree_ros2/cyclonedds_ws/install/unitree_api/include/unitree_api/unitree_api/msg/detail/request_identity__builder.hpp
-- Installing: /mnt/nvme_partition/workspaces/lse_go2_ws/src/unitree_ros2/cyclonedds_ws/install/unitree_api/include/unitree_api/unitree_api/msg/detail/request_lease__builder.hpp
-- Installing: /mnt/nvme_partition/workspaces/lse_go2_ws/src/unitree_ros2/cyclonedds_ws/install/unitree_api/include/unitree_api/unitree_api/msg/detail/response_status__builder.hpp
-- Installing: /mnt/nvme_partition/workspaces/lse_go2_ws/src/unitree_ros2/cyclonedds_ws/install/unitree_api/include/unitree_api/unitree_api/msg/detail/response__traits.hpp
-- Installing: /mnt/nvme_partition/workspaces/lse_go2_ws/src/unitree_ros2/cyclonedds_ws/install/unitree_api/include/unitree_api/unitree_api/msg/detail/request_identity__traits.hpp
-- Installing: /mnt/nvme_partition/workspaces/lse_go2_ws/src/unitree_ros2/cyclonedds_ws/install/unitree_api/include/unitree_api/unitree_api/msg/detail/request__builder.hpp
-- Installing: /mnt/nvme_partition/workspaces/lse_go2_ws/src/unitree_ros2/cyclonedds_ws/install/unitree_api/include/unitree_api/unitree_api/msg/detail/response__struct.hpp
-- Installing: /mnt/nvme_partition/workspaces/lse_go2_ws/src/unitree_ros2/cyclonedds_ws/install/unitree_api/include/unitree_api/unitree_api/msg/detail/response__builder.hpp
-- Installing: /mnt/nvme_partition/workspaces/lse_go2_ws/src/unitree_ros2/cyclonedds_ws/install/unitree_api/include/unitree_api/unitree_api/msg/detail/request_header__traits.hpp
-- Installing: /mnt/nvme_partition/workspaces/lse_go2_ws/src/unitree_ros2/cyclonedds_ws/install/unitree_api/include/unitree_api/unitree_api/msg/detail/response_status__struct.hpp
-- Installing: /mnt/nvme_partition/workspaces/lse_go2_ws/src/unitree_ros2/cyclonedds_ws/install/unitree_api/include/unitree_api/unitree_api/msg/detail/request__struct.hpp
-- Installing: /mnt/nvme_partition/workspaces/lse_go2_ws/src/unitree_ros2/cyclonedds_ws/install/unitree_api/include/unitree_api/unitree_api/msg/detail/request_lease__traits.hpp
-- Installing: /mnt/nvme_partition/workspaces/lse_go2_ws/src/unitree_ros2/cyclonedds_ws/install/unitree_api/include/unitree_api/unitree_api/msg/detail/response_status__traits.hpp
-- Installing: /mnt/nvme_partition/workspaces/lse_go2_ws/src/unitree_ros2/cyclonedds_ws/install/unitree_api/include/unitree_api/unitree_api/msg/detail/request__traits.hpp
-- Installing: /mnt/nvme_partition/workspaces/lse_go2_ws/src/unitree_ros2/cyclonedds_ws/install/unitree_api/include/unitree_api/unitree_api/msg/detail/request_policy__traits.hpp
-- Installing: /mnt/nvme_partition/workspaces/lse_go2_ws/src/unitree_ros2/cyclonedds_ws/install/unitree_api/include/unitree_api/unitree_api/msg/detail/response_header__struct.hpp
-- Installing: /mnt/nvme_partition/workspaces/lse_go2_ws/src/unitree_ros2/cyclonedds_ws/install/unitree_api/include/unitree_api/unitree_api/msg/detail/request_identity__struct.hpp
-- Installing: /mnt/nvme_partition/workspaces/lse_go2_ws/src/unitree_ros2/cyclonedds_ws/install/unitree_api/include/unitree_api/unitree_api/msg/detail/request_header__builder.hpp
-- Installing: /mnt/nvme_partition/workspaces/lse_go2_ws/src/unitree_ros2/cyclonedds_ws/install/unitree_api/include/unitree_api/unitree_api/msg/detail/request_policy__struct.hpp
-- Up-to-date: /mnt/nvme_partition/workspaces/lse_go2_ws/src/unitree_ros2/cyclonedds_ws/install/unitree_api/include/unitree_api/unitree_api
-- Up-to-date: /mnt/nvme_partition/workspaces/lse_go2_ws/src/unitree_ros2/cyclonedds_ws/install/unitree_api/include/unitree_api/unitree_api/msg
-- Installing: /mnt/nvme_partition/workspaces/lse_go2_ws/src/unitree_ros2/cyclonedds_ws/install/unitree_api/include/unitree_api/unitree_api/msg/rosidl_typesupport_fastrtps_cpp__visibility_control.h
-- Up-to-date: /mnt/nvme_partition/workspaces/lse_go2_ws/src/unitree_ros2/cyclonedds_ws/install/unitree_api/include/unitree_api/unitree_api/msg/detail
-- Installing: /mnt/nvme_partition/workspaces/lse_go2_ws/src/unitree_ros2/cyclonedds_ws/install/unitree_api/include/unitree_api/unitree_api/msg/detail/request_policy__rosidl_typesupport_fastrtps_cpp.hpp
-- Installing: /mnt/nvme_partition/workspaces/lse_go2_ws/src/unitree_ros2/cyclonedds_ws/install/unitree_api/include/unitree_api/unitree_api/msg/detail/response_status__rosidl_typesupport_fastrtps_cpp.hpp
-- Installing: /mnt/nvme_partition/workspaces/lse_go2_ws/src/unitree_ros2/cyclonedds_ws/install/unitree_api/include/unitree_api/unitree_api/msg/detail/request_identity__rosidl_typesupport_fastrtps_cpp.hpp
-- Installing: /mnt/nvme_partition/workspaces/lse_go2_ws/src/unitree_ros2/cyclonedds_ws/install/unitree_api/include/unitree_api/unitree_api/msg/detail/response__rosidl_typesupport_fastrtps_cpp.hpp
-- Installing: /mnt/nvme_partition/workspaces/lse_go2_ws/src/unitree_ros2/cyclonedds_ws/install/unitree_api/include/unitree_api/unitree_api/msg/detail/request_lease__rosidl_typesupport_fastrtps_cpp.hpp
-- Installing: /mnt/nvme_partition/workspaces/lse_go2_ws/src/unitree_ros2/cyclonedds_ws/install/unitree_api/include/unitree_api/unitree_api/msg/detail/response_header__rosidl_typesupport_fastrtps_cpp.hpp
-- Installing: /mnt/nvme_partition/workspaces/lse_go2_ws/src/unitree_ros2/cyclonedds_ws/install/unitree_api/include/unitree_api/unitree_api/msg/detail/dds_fastrtps
-- Installing: /mnt/nvme_partition/workspaces/lse_go2_ws/src/unitree_ros2/cyclonedds_ws/install/unitree_api/include/unitree_api/unitree_api/msg/detail/request_header__rosidl_typesupport_fastrtps_cpp.hpp
-- Installing: /mnt/nvme_partition/workspaces/lse_go2_ws/src/unitree_ros2/cyclonedds_ws/install/unitree_api/include/unitree_api/unitree_api/msg/detail/request__rosidl_typesupport_fastrtps_cpp.hpp
-- Installing: /mnt/nvme_partition/workspaces/lse_go2_ws/src/unitree_ros2/cyclonedds_ws/install/unitree_api/lib/libunitree_api__rosidl_typesupport_fastrtps_cpp.so
-- Set runtime path of "/mnt/nvme_partition/workspaces/lse_go2_ws/src/unitree_ros2/cyclonedds_ws/install/unitree_api/lib/libunitree_api__rosidl_typesupport_fastrtps_cpp.so" to ""
-- Up-to-date: /mnt/nvme_partition/workspaces/lse_go2_ws/src/unitree_ros2/cyclonedds_ws/install/unitree_api/include/unitree_api/unitree_api
-- Up-to-date: /mnt/nvme_partition/workspaces/lse_go2_ws/src/unitree_ros2/cyclonedds_ws/install/unitree_api/include/unitree_api/unitree_api/msg
-- Installing: /mnt/nvme_partition/workspaces/lse_go2_ws/src/unitree_ros2/cyclonedds_ws/install/unitree_api/include/unitree_api/unitree_api/msg/rosidl_typesupport_introspection_c__visibility_control.h
-- Up-to-date: /mnt/nvme_partition/workspaces/lse_go2_ws/src/unitree_ros2/cyclonedds_ws/install/unitree_api/include/unitree_api/unitree_api/msg/detail
-- Installing: /mnt/nvme_partition/workspaces/lse_go2_ws/src/unitree_ros2/cyclonedds_ws/install/unitree_api/include/unitree_api/unitree_api/msg/detail/response_header__type_support.c
-- Installing: /mnt/nvme_partition/workspaces/lse_go2_ws/src/unitree_ros2/cyclonedds_ws/install/unitree_api/include/unitree_api/unitree_api/msg/detail/request_lease__type_support.c
-- Installing: /mnt/nvme_partition/workspaces/lse_go2_ws/src/unitree_ros2/cyclonedds_ws/install/unitree_api/include/unitree_api/unitree_api/msg/detail/response_header__rosidl_typesupport_introspection_c.h
-- Installing: /mnt/nvme_partition/workspaces/lse_go2_ws/src/unitree_ros2/cyclonedds_ws/install/unitree_api/include/unitree_api/unitree_api/msg/detail/request__type_support.c
-- Installing: /mnt/nvme_partition/workspaces/lse_go2_ws/src/unitree_ros2/cyclonedds_ws/install/unitree_api/include/unitree_api/unitree_api/msg/detail/request_header__rosidl_typesupport_introspection_c.h
-- Installing: /mnt/nvme_partition/workspaces/lse_go2_ws/src/unitree_ros2/cyclonedds_ws/install/unitree_api/include/unitree_api/unitree_api/msg/detail/response__rosidl_typesupport_introspection_c.h
-- Installing: /mnt/nvme_partition/workspaces/lse_go2_ws/src/unitree_ros2/cyclonedds_ws/install/unitree_api/include/unitree_api/unitree_api/msg/detail/request_header__type_support.c
-- Installing: /mnt/nvme_partition/workspaces/lse_go2_ws/src/unitree_ros2/cyclonedds_ws/install/unitree_api/include/unitree_api/unitree_api/msg/detail/request__rosidl_typesupport_introspection_c.h
-- Installing: /mnt/nvme_partition/workspaces/lse_go2_ws/src/unitree_ros2/cyclonedds_ws/install/unitree_api/include/unitree_api/unitree_api/msg/detail/request_policy__rosidl_typesupport_introspection_c.h
-- Installing: /mnt/nvme_partition/workspaces/lse_go2_ws/src/unitree_ros2/cyclonedds_ws/install/unitree_api/include/unitree_api/unitree_api/msg/detail/response_status__type_support.c
-- Installing: /mnt/nvme_partition/workspaces/lse_go2_ws/src/unitree_ros2/cyclonedds_ws/install/unitree_api/include/unitree_api/unitree_api/msg/detail/request_lease__rosidl_typesupport_introspection_c.h
-- Installing: /mnt/nvme_partition/workspaces/lse_go2_ws/src/unitree_ros2/cyclonedds_ws/install/unitree_api/include/unitree_api/unitree_api/msg/detail/response__type_support.c
-- Installing: /mnt/nvme_partition/workspaces/lse_go2_ws/src/unitree_ros2/cyclonedds_ws/install/unitree_api/include/unitree_api/unitree_api/msg/detail/request_policy__type_support.c
-- Installing: /mnt/nvme_partition/workspaces/lse_go2_ws/src/unitree_ros2/cyclonedds_ws/install/unitree_api/include/unitree_api/unitree_api/msg/detail/request_identity__type_support.c
-- Installing: /mnt/nvme_partition/workspaces/lse_go2_ws/src/unitree_ros2/cyclonedds_ws/install/unitree_api/include/unitree_api/unitree_api/msg/detail/response_status__rosidl_typesupport_introspection_c.h
-- Installing: /mnt/nvme_partition/workspaces/lse_go2_ws/src/unitree_ros2/cyclonedds_ws/install/unitree_api/include/unitree_api/unitree_api/msg/detail/request_identity__rosidl_typesupport_introspection_c.h
-- Installing: /mnt/nvme_partition/workspaces/lse_go2_ws/src/unitree_ros2/cyclonedds_ws/install/unitree_api/lib/libunitree_api__rosidl_typesupport_introspection_c.so
-- Set runtime path of "/mnt/nvme_partition/workspaces/lse_go2_ws/src/unitree_ros2/cyclonedds_ws/install/unitree_api/lib/libunitree_api__rosidl_typesupport_introspection_c.so" to ""
-- Installing: /mnt/nvme_partition/workspaces/lse_go2_ws/src/unitree_ros2/cyclonedds_ws/install/unitree_api/lib/libunitree_api__rosidl_typesupport_c.so
-- Set runtime path of "/mnt/nvme_partition/workspaces/lse_go2_ws/src/unitree_ros2/cyclonedds_ws/install/unitree_api/lib/libunitree_api__rosidl_typesupport_c.so" to ""
-- Up-to-date: /mnt/nvme_partition/workspaces/lse_go2_ws/src/unitree_ros2/cyclonedds_ws/install/unitree_api/include/unitree_api/unitree_api
-- Up-to-date: /mnt/nvme_partition/workspaces/lse_go2_ws/src/unitree_ros2/cyclonedds_ws/install/unitree_api/include/unitree_api/unitree_api/msg
-- Up-to-date: /mnt/nvme_partition/workspaces/lse_go2_ws/src/unitree_ros2/cyclonedds_ws/install/unitree_api/include/unitree_api/unitree_api/msg/detail
-- Installing: /mnt/nvme_partition/workspaces/lse_go2_ws/src/unitree_ros2/cyclonedds_ws/install/unitree_api/include/unitree_api/unitree_api/msg/detail/response__rosidl_typesupport_introspection_cpp.hpp
-- Installing: /mnt/nvme_partition/workspaces/lse_go2_ws/src/unitree_ros2/cyclonedds_ws/install/unitree_api/include/unitree_api/unitree_api/msg/detail/request_header__rosidl_typesupport_introspection_cpp.hpp
-- Installing: /mnt/nvme_partition/workspaces/lse_go2_ws/src/unitree_ros2/cyclonedds_ws/install/unitree_api/include/unitree_api/unitree_api/msg/detail/request_identity__type_support.cpp
-- Installing: /mnt/nvme_partition/workspaces/lse_go2_ws/src/unitree_ros2/cyclonedds_ws/install/unitree_api/include/unitree_api/unitree_api/msg/detail/request_lease__type_support.cpp
-- Installing: /mnt/nvme_partition/workspaces/lse_go2_ws/src/unitree_ros2/cyclonedds_ws/install/unitree_api/include/unitree_api/unitree_api/msg/detail/request_header__type_support.cpp
-- Installing: /mnt/nvme_partition/workspaces/lse_go2_ws/src/unitree_ros2/cyclonedds_ws/install/unitree_api/include/unitree_api/unitree_api/msg/detail/request__type_support.cpp
-- Installing: /mnt/nvme_partition/workspaces/lse_go2_ws/src/unitree_ros2/cyclonedds_ws/install/unitree_api/include/unitree_api/unitree_api/msg/detail/response_header__type_support.cpp
-- Installing: /mnt/nvme_partition/workspaces/lse_go2_ws/src/unitree_ros2/cyclonedds_ws/install/unitree_api/include/unitree_api/unitree_api/msg/detail/request_policy__rosidl_typesupport_introspection_cpp.hpp
-- Installing: /mnt/nvme_partition/workspaces/lse_go2_ws/src/unitree_ros2/cyclonedds_ws/install/unitree_api/include/unitree_api/unitree_api/msg/detail/response__type_support.cpp
-- Installing: /mnt/nvme_partition/workspaces/lse_go2_ws/src/unitree_ros2/cyclonedds_ws/install/unitree_api/include/unitree_api/unitree_api/msg/detail/request_identity__rosidl_typesupport_introspection_cpp.hpp
-- Installing: /mnt/nvme_partition/workspaces/lse_go2_ws/src/unitree_ros2/cyclonedds_ws/install/unitree_api/include/unitree_api/unitree_api/msg/detail/request_policy__type_support.cpp
-- Installing: /mnt/nvme_partition/workspaces/lse_go2_ws/src/unitree_ros2/cyclonedds_ws/install/unitree_api/include/unitree_api/unitree_api/msg/detail/response_status__type_support.cpp
-- Installing: /mnt/nvme_partition/workspaces/lse_go2_ws/src/unitree_ros2/cyclonedds_ws/install/unitree_api/include/unitree_api/unitree_api/msg/detail/response_status__rosidl_typesupport_introspection_cpp.hpp
-- Installing: /mnt/nvme_partition/workspaces/lse_go2_ws/src/unitree_ros2/cyclonedds_ws/install/unitree_api/include/unitree_api/unitree_api/msg/detail/request__rosidl_typesupport_introspection_cpp.hpp
-- Installing: /mnt/nvme_partition/workspaces/lse_go2_ws/src/unitree_ros2/cyclonedds_ws/install/unitree_api/include/unitree_api/unitree_api/msg/detail/response_header__rosidl_typesupport_introspection_cpp.hpp
-- Installing: /mnt/nvme_partition/workspaces/lse_go2_ws/src/unitree_ros2/cyclonedds_ws/install/unitree_api/include/unitree_api/unitree_api/msg/detail/request_lease__rosidl_typesupport_introspection_cpp.hpp
-- Installing: /mnt/nvme_partition/workspaces/lse_go2_ws/src/unitree_ros2/cyclonedds_ws/install/unitree_api/lib/libunitree_api__rosidl_typesupport_introspection_cpp.so
-- Set runtime path of "/mnt/nvme_partition/workspaces/lse_go2_ws/src/unitree_ros2/cyclonedds_ws/install/unitree_api/lib/libunitree_api__rosidl_typesupport_introspection_cpp.so" to ""
-- Installing: /mnt/nvme_partition/workspaces/lse_go2_ws/src/unitree_ros2/cyclonedds_ws/install/unitree_api/lib/libunitree_api__rosidl_typesupport_cpp.so
-- Set runtime path of "/mnt/nvme_partition/workspaces/lse_go2_ws/src/unitree_ros2/cyclonedds_ws/install/unitree_api/lib/libunitree_api__rosidl_typesupport_cpp.so" to ""
-- Installing: /mnt/nvme_partition/workspaces/lse_go2_ws/src/unitree_ros2/cyclonedds_ws/install/unitree_api/share/unitree_api/environment/pythonpath.sh
-- Installing: /mnt/nvme_partition/workspaces/lse_go2_ws/src/unitree_ros2/cyclonedds_ws/install/unitree_api/share/unitree_api/environment/pythonpath.dsv
-- Installing: /mnt/nvme_partition/workspaces/lse_go2_ws/src/unitree_ros2/cyclonedds_ws/install/unitree_api/local/lib/python3.10/dist-packages/unitree_api-0.0.0-py3.10.egg-info
-- Installing: /mnt/nvme_partition/workspaces/lse_go2_ws/src/unitree_ros2/cyclonedds_ws/install/unitree_api/local/lib/python3.10/dist-packages/unitree_api-0.0.0-py3.10.egg-info/dependency_links.txt
-- Installing: /mnt/nvme_partition/workspaces/lse_go2_ws/src/unitree_ros2/cyclonedds_ws/install/unitree_api/local/lib/python3.10/dist-packages/unitree_api-0.0.0-py3.10.egg-info/SOURCES.txt
-- Installing: /mnt/nvme_partition/workspaces/lse_go2_ws/src/unitree_ros2/cyclonedds_ws/install/unitree_api/local/lib/python3.10/dist-packages/unitree_api-0.0.0-py3.10.egg-info/top_level.txt
-- Installing: /mnt/nvme_partition/workspaces/lse_go2_ws/src/unitree_ros2/cyclonedds_ws/install/unitree_api/local/lib/python3.10/dist-packages/unitree_api-0.0.0-py3.10.egg-info/PKG-INFO
-- Installing: /mnt/nvme_partition/workspaces/lse_go2_ws/src/unitree_ros2/cyclonedds_ws/install/unitree_api/local/lib/python3.10/dist-packages/unitree_api
-- Installing: /mnt/nvme_partition/workspaces/lse_go2_ws/src/unitree_ros2/cyclonedds_ws/install/unitree_api/local/lib/python3.10/dist-packages/unitree_api/unitree_api_s__rosidl_typesupport_fastrtps_c.cpython-310-x86_64-linux-gnu.so
-- Installing: /mnt/nvme_partition/workspaces/lse_go2_ws/src/unitree_ros2/cyclonedds_ws/install/unitree_api/local/lib/python3.10/dist-packages/unitree_api/_unitree_api_s.ep.rosidl_typesupport_introspection_c.c
-- Installing: /mnt/nvme_partition/workspaces/lse_go2_ws/src/unitree_ros2/cyclonedds_ws/install/unitree_api/local/lib/python3.10/dist-packages/unitree_api/_unitree_api_s.ep.rosidl_typesupport_c.c
-- Installing: /mnt/nvme_partition/workspaces/lse_go2_ws/src/unitree_ros2/cyclonedds_ws/install/unitree_api/local/lib/python3.10/dist-packages/unitree_api/__init__.py
-- Installing: /mnt/nvme_partition/workspaces/lse_go2_ws/src/unitree_ros2/cyclonedds_ws/install/unitree_api/local/lib/python3.10/dist-packages/unitree_api/msg
-- Installing: /mnt/nvme_partition/workspaces/lse_go2_ws/src/unitree_ros2/cyclonedds_ws/install/unitree_api/local/lib/python3.10/dist-packages/unitree_api/msg/_response_s.c
-- Installing: /mnt/nvme_partition/workspaces/lse_go2_ws/src/unitree_ros2/cyclonedds_ws/install/unitree_api/local/lib/python3.10/dist-packages/unitree_api/msg/_request_identity_s.c
-- Installing: /mnt/nvme_partition/workspaces/lse_go2_ws/src/unitree_ros2/cyclonedds_ws/install/unitree_api/local/lib/python3.10/dist-packages/unitree_api/msg/_response_status.py
-- Installing: /mnt/nvme_partition/workspaces/lse_go2_ws/src/unitree_ros2/cyclonedds_ws/install/unitree_api/local/lib/python3.10/dist-packages/unitree_api/msg/_request_lease_s.c
-- Installing: /mnt/nvme_partition/workspaces/lse_go2_ws/src/unitree_ros2/cyclonedds_ws/install/unitree_api/local/lib/python3.10/dist-packages/unitree_api/msg/_response_header_s.c
-- Installing: /mnt/nvme_partition/workspaces/lse_go2_ws/src/unitree_ros2/cyclonedds_ws/install/unitree_api/local/lib/python3.10/dist-packages/unitree_api/msg/_request_policy.py
-- Installing: /mnt/nvme_partition/workspaces/lse_go2_ws/src/unitree_ros2/cyclonedds_ws/install/unitree_api/local/lib/python3.10/dist-packages/unitree_api/msg/_request_identity.py
-- Installing: /mnt/nvme_partition/workspaces/lse_go2_ws/src/unitree_ros2/cyclonedds_ws/install/unitree_api/local/lib/python3.10/dist-packages/unitree_api/msg/_response.py
-- Installing: /mnt/nvme_partition/workspaces/lse_go2_ws/src/unitree_ros2/cyclonedds_ws/install/unitree_api/local/lib/python3.10/dist-packages/unitree_api/msg/_request_s.c
-- Installing: /mnt/nvme_partition/workspaces/lse_go2_ws/src/unitree_ros2/cyclonedds_ws/install/unitree_api/local/lib/python3.10/dist-packages/unitree_api/msg/_request_policy_s.c
-- Installing: /mnt/nvme_partition/workspaces/lse_go2_ws/src/unitree_ros2/cyclonedds_ws/install/unitree_api/local/lib/python3.10/dist-packages/unitree_api/msg/_response_header.py
-- Installing: /mnt/nvme_partition/workspaces/lse_go2_ws/src/unitree_ros2/cyclonedds_ws/install/unitree_api/local/lib/python3.10/dist-packages/unitree_api/msg/__init__.py
-- Installing: /mnt/nvme_partition/workspaces/lse_go2_ws/src/unitree_ros2/cyclonedds_ws/install/unitree_api/local/lib/python3.10/dist-packages/unitree_api/msg/_response_status_s.c
-- Installing: /mnt/nvme_partition/workspaces/lse_go2_ws/src/unitree_ros2/cyclonedds_ws/install/unitree_api/local/lib/python3.10/dist-packages/unitree_api/msg/_request_lease.py
-- Installing: /mnt/nvme_partition/workspaces/lse_go2_ws/src/unitree_ros2/cyclonedds_ws/install/unitree_api/local/lib/python3.10/dist-packages/unitree_api/msg/_request_header_s.c
-- Installing: /mnt/nvme_partition/workspaces/lse_go2_ws/src/unitree_ros2/cyclonedds_ws/install/unitree_api/local/lib/python3.10/dist-packages/unitree_api/msg/_request_header.py
-- Installing: /mnt/nvme_partition/workspaces/lse_go2_ws/src/unitree_ros2/cyclonedds_ws/install/unitree_api/local/lib/python3.10/dist-packages/unitree_api/msg/_request.py
-- Installing: /mnt/nvme_partition/workspaces/lse_go2_ws/src/unitree_ros2/cyclonedds_ws/install/unitree_api/local/lib/python3.10/dist-packages/unitree_api/_unitree_api_s.ep.rosidl_typesupport_fastrtps_c.c
-- Installing: /mnt/nvme_partition/workspaces/lse_go2_ws/src/unitree_ros2/cyclonedds_ws/install/unitree_api/local/lib/python3.10/dist-packages/unitree_api/unitree_api_s__rosidl_typesupport_introspection_c.cpython-310-x86_64-linux-gnu.so
-- Installing: /mnt/nvme_partition/workspaces/lse_go2_ws/src/unitree_ros2/cyclonedds_ws/install/unitree_api/local/lib/python3.10/dist-packages/unitree_api/unitree_api_s__rosidl_typesupport_c.cpython-310-x86_64-linux-gnu.so
-- Installing: /mnt/nvme_partition/workspaces/lse_go2_ws/src/unitree_ros2/cyclonedds_ws/install/unitree_api/local/lib/python3.10/dist-packages/unitree_api/libunitree_api__rosidl_generator_py.so
Listing '/mnt/nvme_partition/workspaces/lse_go2_ws/src/unitree_ros2/cyclonedds_ws/install/unitree_api/local/lib/python3.10/dist-packages/unitree_api'...
Compiling '/mnt/nvme_partition/workspaces/lse_go2_ws/src/unitree_ros2/cyclonedds_ws/install/unitree_api/local/lib/python3.10/dist-packages/unitree_api/__init__.py'...
Listing '/mnt/nvme_partition/workspaces/lse_go2_ws/src/unitree_ros2/cyclonedds_ws/install/unitree_api/local/lib/python3.10/dist-packages/unitree_api/msg'...
Compiling '/mnt/nvme_partition/workspaces/lse_go2_ws/src/unitree_ros2/cyclonedds_ws/install/unitree_api/local/lib/python3.10/dist-packages/unitree_api/msg/__init__.py'...
Compiling '/mnt/nvme_partition/workspaces/lse_go2_ws/src/unitree_ros2/cyclonedds_ws/install/unitree_api/local/lib/python3.10/dist-packages/unitree_api/msg/_request.py'...
Compiling '/mnt/nvme_partition/workspaces/lse_go2_ws/src/unitree_ros2/cyclonedds_ws/install/unitree_api/local/lib/python3.10/dist-packages/unitree_api/msg/_request_header.py'...
Compiling '/mnt/nvme_partition/workspaces/lse_go2_ws/src/unitree_ros2/cyclonedds_ws/install/unitree_api/local/lib/python3.10/dist-packages/unitree_api/msg/_request_identity.py'...
Compiling '/mnt/nvme_partition/workspaces/lse_go2_ws/src/unitree_ros2/cyclonedds_ws/install/unitree_api/local/lib/python3.10/dist-packages/unitree_api/msg/_request_lease.py'...
Compiling '/mnt/nvme_partition/workspaces/lse_go2_ws/src/unitree_ros2/cyclonedds_ws/install/unitree_api/local/lib/python3.10/dist-packages/unitree_api/msg/_request_policy.py'...
Compiling '/mnt/nvme_partition/workspaces/lse_go2_ws/src/unitree_ros2/cyclonedds_ws/install/unitree_api/local/lib/python3.10/dist-packages/unitree_api/msg/_response.py'...
Compiling '/mnt/nvme_partition/workspaces/lse_go2_ws/src/unitree_ros2/cyclonedds_ws/install/unitree_api/local/lib/python3.10/dist-packages/unitree_api/msg/_response_header.py'...
Compiling '/mnt/nvme_partition/workspaces/lse_go2_ws/src/unitree_ros2/cyclonedds_ws/install/unitree_api/local/lib/python3.10/dist-packages/unitree_api/msg/_response_status.py'...
-- Installing: /mnt/nvme_partition/workspaces/lse_go2_ws/src/unitree_ros2/cyclonedds_ws/install/unitree_api/local/lib/python3.10/dist-packages/unitree_api/unitree_api_s__rosidl_typesupport_fastrtps_c.cpython-310-x86_64-linux-gnu.so
-- Set runtime path of "/mnt/nvme_partition/workspaces/lse_go2_ws/src/unitree_ros2/cyclonedds_ws/install/unitree_api/local/lib/python3.10/dist-packages/unitree_api/unitree_api_s__rosidl_typesupport_fastrtps_c.cpython-310-x86_64-linux-gnu.so" to ""
-- Installing: /mnt/nvme_partition/workspaces/lse_go2_ws/src/unitree_ros2/cyclonedds_ws/install/unitree_api/local/lib/python3.10/dist-packages/unitree_api/unitree_api_s__rosidl_typesupport_introspection_c.cpython-310-x86_64-linux-gnu.so
-- Set runtime path of "/mnt/nvme_partition/workspaces/lse_go2_ws/src/unitree_ros2/cyclonedds_ws/install/unitree_api/local/lib/python3.10/dist-packages/unitree_api/unitree_api_s__rosidl_typesupport_introspection_c.cpython-310-x86_64-linux-gnu.so" to ""
-- Installing: /mnt/nvme_partition/workspaces/lse_go2_ws/src/unitree_ros2/cyclonedds_ws/install/unitree_api/local/lib/python3.10/dist-packages/unitree_api/unitree_api_s__rosidl_typesupport_c.cpython-310-x86_64-linux-gnu.so
-- Set runtime path of "/mnt/nvme_partition/workspaces/lse_go2_ws/src/unitree_ros2/cyclonedds_ws/install/unitree_api/local/lib/python3.10/dist-packages/unitree_api/unitree_api_s__rosidl_typesupport_c.cpython-310-x86_64-linux-gnu.so" to ""
-- Installing: /mnt/nvme_partition/workspaces/lse_go2_ws/src/unitree_ros2/cyclonedds_ws/install/unitree_api/lib/libunitree_api__rosidl_generator_py.so
-- Set runtime path of "/mnt/nvme_partition/workspaces/lse_go2_ws/src/unitree_ros2/cyclonedds_ws/install/unitree_api/lib/libunitree_api__rosidl_generator_py.so" to ""
-- Installing: /mnt/nvme_partition/workspaces/lse_go2_ws/src/unitree_ros2/cyclonedds_ws/install/unitree_api/share/unitree_api/msg/Request.idl
-- Installing: /mnt/nvme_partition/workspaces/lse_go2_ws/src/unitree_ros2/cyclonedds_ws/install/unitree_api/share/unitree_api/msg/RequestHeader.idl
-- Installing: /mnt/nvme_partition/workspaces/lse_go2_ws/src/unitree_ros2/cyclonedds_ws/install/unitree_api/share/unitree_api/msg/RequestIdentity.idl
-- Installing: /mnt/nvme_partition/workspaces/lse_go2_ws/src/unitree_ros2/cyclonedds_ws/install/unitree_api/share/unitree_api/msg/RequestLease.idl
-- Installing: /mnt/nvme_partition/workspaces/lse_go2_ws/src/unitree_ros2/cyclonedds_ws/install/unitree_api/share/unitree_api/msg/RequestPolicy.idl
-- Installing: /mnt/nvme_partition/workspaces/lse_go2_ws/src/unitree_ros2/cyclonedds_ws/install/unitree_api/share/unitree_api/msg/Response.idl
-- Installing: /mnt/nvme_partition/workspaces/lse_go2_ws/src/unitree_ros2/cyclonedds_ws/install/unitree_api/share/unitree_api/msg/ResponseHeader.idl
-- Installing: /mnt/nvme_partition/workspaces/lse_go2_ws/src/unitree_ros2/cyclonedds_ws/install/unitree_api/share/unitree_api/msg/ResponseStatus.idl
-- Installing: /mnt/nvme_partition/workspaces/lse_go2_ws/src/unitree_ros2/cyclonedds_ws/install/unitree_api/share/unitree_api/msg/Request.msg
-- Installing: /mnt/nvme_partition/workspaces/lse_go2_ws/src/unitree_ros2/cyclonedds_ws/install/unitree_api/share/unitree_api/msg/RequestHeader.msg
-- Installing: /mnt/nvme_partition/workspaces/lse_go2_ws/src/unitree_ros2/cyclonedds_ws/install/unitree_api/share/unitree_api/msg/RequestIdentity.msg
-- Installing: /mnt/nvme_partition/workspaces/lse_go2_ws/src/unitree_ros2/cyclonedds_ws/install/unitree_api/share/unitree_api/msg/RequestLease.msg
-- Installing: /mnt/nvme_partition/workspaces/lse_go2_ws/src/unitree_ros2/cyclonedds_ws/install/unitree_api/share/unitree_api/msg/RequestPolicy.msg
-- Installing: /mnt/nvme_partition/workspaces/lse_go2_ws/src/unitree_ros2/cyclonedds_ws/install/unitree_api/share/unitree_api/msg/Response.msg
-- Installing: /mnt/nvme_partition/workspaces/lse_go2_ws/src/unitree_ros2/cyclonedds_ws/install/unitree_api/share/unitree_api/msg/ResponseHeader.msg
-- Installing: /mnt/nvme_partition/workspaces/lse_go2_ws/src/unitree_ros2/cyclonedds_ws/install/unitree_api/share/unitree_api/msg/ResponseStatus.msg
-- Installing: /mnt/nvme_partition/workspaces/lse_go2_ws/src/unitree_ros2/cyclonedds_ws/install/unitree_api/share/unitree_api/msg/dds_connext
-- Installing: /mnt/nvme_partition/workspaces/lse_go2_ws/src/unitree_ros2/cyclonedds_ws/install/unitree_api/share/unitree_api/msg/dds_connext/Request_.idl
-- Installing: /mnt/nvme_partition/workspaces/lse_go2_ws/src/unitree_ros2/cyclonedds_ws/install/unitree_api/share/unitree_api/msg/dds_connext/RequestPolicy_.idl
-- Installing: /mnt/nvme_partition/workspaces/lse_go2_ws/src/unitree_ros2/cyclonedds_ws/install/unitree_api/share/unitree_api/msg/dds_connext/Response_.idl
-- Installing: /mnt/nvme_partition/workspaces/lse_go2_ws/src/unitree_ros2/cyclonedds_ws/install/unitree_api/share/unitree_api/msg/dds_connext/RequestIdentity_.idl
-- Installing: /mnt/nvme_partition/workspaces/lse_go2_ws/src/unitree_ros2/cyclonedds_ws/install/unitree_api/share/unitree_api/msg/dds_connext/RequestLease_.idl
-- Installing: /mnt/nvme_partition/workspaces/lse_go2_ws/src/unitree_ros2/cyclonedds_ws/install/unitree_api/share/unitree_api/msg/dds_connext/ResponseStatus_.idl
-- Installing: /mnt/nvme_partition/workspaces/lse_go2_ws/src/unitree_ros2/cyclonedds_ws/install/unitree_api/share/unitree_api/msg/dds_connext/ResponseHeader_.idl
-- Installing: /mnt/nvme_partition/workspaces/lse_go2_ws/src/unitree_ros2/cyclonedds_ws/install/unitree_api/share/unitree_api/msg/dds_connext/RequestHeader_.idl
-- Installing: /mnt/nvme_partition/workspaces/lse_go2_ws/src/unitree_ros2/cyclonedds_ws/install/unitree_api/share/ament_index/resource_index/package_run_dependencies/unitree_api
-- Installing: /mnt/nvme_partition/workspaces/lse_go2_ws/src/unitree_ros2/cyclonedds_ws/install/unitree_api/share/ament_index/resource_index/parent_prefix_path/unitree_api
-- Installing: /mnt/nvme_partition/workspaces/lse_go2_ws/src/unitree_ros2/cyclonedds_ws/install/unitree_api/share/unitree_api/environment/ament_prefix_path.sh
-- Installing: /mnt/nvme_partition/workspaces/lse_go2_ws/src/unitree_ros2/cyclonedds_ws/install/unitree_api/share/unitree_api/environment/ament_prefix_path.dsv
-- Installing: /mnt/nvme_partition/workspaces/lse_go2_ws/src/unitree_ros2/cyclonedds_ws/install/unitree_api/share/unitree_api/environment/path.sh
-- Installing: /mnt/nvme_partition/workspaces/lse_go2_ws/src/unitree_ros2/cyclonedds_ws/install/unitree_api/share/unitree_api/environment/path.dsv
-- Installing: /mnt/nvme_partition/workspaces/lse_go2_ws/src/unitree_ros2/cyclonedds_ws/install/unitree_api/share/unitree_api/local_setup.bash
-- Installing: /mnt/nvme_partition/workspaces/lse_go2_ws/src/unitree_ros2/cyclonedds_ws/install/unitree_api/share/unitree_api/local_setup.sh
-- Installing: /mnt/nvme_partition/workspaces/lse_go2_ws/src/unitree_ros2/cyclonedds_ws/install/unitree_api/share/unitree_api/local_setup.zsh
-- Installing: /mnt/nvme_partition/workspaces/lse_go2_ws/src/unitree_ros2/cyclonedds_ws/install/unitree_api/share/unitree_api/local_setup.dsv
-- Installing: /mnt/nvme_partition/workspaces/lse_go2_ws/src/unitree_ros2/cyclonedds_ws/install/unitree_api/share/unitree_api/package.dsv
-- Installing: /mnt/nvme_partition/workspaces/lse_go2_ws/src/unitree_ros2/cyclonedds_ws/install/unitree_api/share/ament_index/resource_index/packages/unitree_api
-- Installing: /mnt/nvme_partition/workspaces/lse_go2_ws/src/unitree_ros2/cyclonedds_ws/install/unitree_api/share/unitree_api/cmake/export_unitree_api__rosidl_generator_cExport.cmake
-- Installing: /mnt/nvme_partition/workspaces/lse_go2_ws/src/unitree_ros2/cyclonedds_ws/install/unitree_api/share/unitree_api/cmake/export_unitree_api__rosidl_generator_cExport-noconfig.cmake
-- Installing: /mnt/nvme_partition/workspaces/lse_go2_ws/src/unitree_ros2/cyclonedds_ws/install/unitree_api/share/unitree_api/cmake/export_unitree_api__rosidl_typesupport_fastrtps_cExport.cmake
-- Installing: /mnt/nvme_partition/workspaces/lse_go2_ws/src/unitree_ros2/cyclonedds_ws/install/unitree_api/share/unitree_api/cmake/export_unitree_api__rosidl_typesupport_fastrtps_cExport-noconfig.cmake
-- Installing: /mnt/nvme_partition/workspaces/lse_go2_ws/src/unitree_ros2/cyclonedds_ws/install/unitree_api/share/unitree_api/cmake/export_unitree_api__rosidl_generator_cppExport.cmake
-- Installing: /mnt/nvme_partition/workspaces/lse_go2_ws/src/unitree_ros2/cyclonedds_ws/install/unitree_api/share/unitree_api/cmake/export_unitree_api__rosidl_typesupport_fastrtps_cppExport.cmake
-- Installing: /mnt/nvme_partition/workspaces/lse_go2_ws/src/unitree_ros2/cyclonedds_ws/install/unitree_api/share/unitree_api/cmake/export_unitree_api__rosidl_typesupport_fastrtps_cppExport-noconfig.cmake
-- Installing: /mnt/nvme_partition/workspaces/lse_go2_ws/src/unitree_ros2/cyclonedds_ws/install/unitree_api/share/unitree_api/cmake/unitree_api__rosidl_typesupport_introspection_cExport.cmake
-- Installing: /mnt/nvme_partition/workspaces/lse_go2_ws/src/unitree_ros2/cyclonedds_ws/install/unitree_api/share/unitree_api/cmake/unitree_api__rosidl_typesupport_introspection_cExport-noconfig.cmake
-- Installing: /mnt/nvme_partition/workspaces/lse_go2_ws/src/unitree_ros2/cyclonedds_ws/install/unitree_api/share/unitree_api/cmake/unitree_api__rosidl_typesupport_cExport.cmake
-- Installing: /mnt/nvme_partition/workspaces/lse_go2_ws/src/unitree_ros2/cyclonedds_ws/install/unitree_api/share/unitree_api/cmake/unitree_api__rosidl_typesupport_cExport-noconfig.cmake
-- Installing: /mnt/nvme_partition/workspaces/lse_go2_ws/src/unitree_ros2/cyclonedds_ws/install/unitree_api/share/unitree_api/cmake/unitree_api__rosidl_typesupport_introspection_cppExport.cmake
-- Installing: /mnt/nvme_partition/workspaces/lse_go2_ws/src/unitree_ros2/cyclonedds_ws/install/unitree_api/share/unitree_api/cmake/unitree_api__rosidl_typesupport_introspection_cppExport-noconfig.cmake
-- Installing: /mnt/nvme_partition/workspaces/lse_go2_ws/src/unitree_ros2/cyclonedds_ws/install/unitree_api/share/unitree_api/cmake/unitree_api__rosidl_typesupport_cppExport.cmake
-- Installing: /mnt/nvme_partition/workspaces/lse_go2_ws/src/unitree_ros2/cyclonedds_ws/install/unitree_api/share/unitree_api/cmake/unitree_api__rosidl_typesupport_cppExport-noconfig.cmake
-- Installing: /mnt/nvme_partition/workspaces/lse_go2_ws/src/unitree_ros2/cyclonedds_ws/install/unitree_api/share/unitree_api/cmake/export_unitree_api__rosidl_generator_pyExport.cmake
-- Installing: /mnt/nvme_partition/workspaces/lse_go2_ws/src/unitree_ros2/cyclonedds_ws/install/unitree_api/share/unitree_api/cmake/export_unitree_api__rosidl_generator_pyExport-noconfig.cmake
-- Installing: /mnt/nvme_partition/workspaces/lse_go2_ws/src/unitree_ros2/cyclonedds_ws/install/unitree_api/share/unitree_api/cmake/rosidl_cmake-extras.cmake
-- Installing: /mnt/nvme_partition/workspaces/lse_go2_ws/src/unitree_ros2/cyclonedds_ws/install/unitree_api/share/unitree_api/cmake/ament_cmake_export_dependencies-extras.cmake
-- Installing: /mnt/nvme_partition/workspaces/lse_go2_ws/src/unitree_ros2/cyclonedds_ws/install/unitree_api/share/unitree_api/cmake/ament_cmake_export_include_directories-extras.cmake
-- Installing: /mnt/nvme_partition/workspaces/lse_go2_ws/src/unitree_ros2/cyclonedds_ws/install/unitree_api/share/unitree_api/cmake/ament_cmake_export_libraries-extras.cmake
-- Installing: /mnt/nvme_partition/workspaces/lse_go2_ws/src/unitree_ros2/cyclonedds_ws/install/unitree_api/share/unitree_api/cmake/ament_cmake_export_targets-extras.cmake
-- Installing: /mnt/nvme_partition/workspaces/lse_go2_ws/src/unitree_ros2/cyclonedds_ws/install/unitree_api/share/unitree_api/cmake/rosidl_cmake_export_typesupport_targets-extras.cmake
-- Installing: /mnt/nvme_partition/workspaces/lse_go2_ws/src/unitree_ros2/cyclonedds_ws/install/unitree_api/share/unitree_api/cmake/rosidl_cmake_export_typesupport_libraries-extras.cmake
-- Installing: /mnt/nvme_partition/workspaces/lse_go2_ws/src/unitree_ros2/cyclonedds_ws/install/unitree_api/share/unitree_api/cmake/unitree_apiConfig.cmake
-- Installing: /mnt/nvme_partition/workspaces/lse_go2_ws/src/unitree_ros2/cyclonedds_ws/install/unitree_api/share/unitree_api/cmake/unitree_apiConfig-version.cmake
-- Installing: /mnt/nvme_partition/workspaces/lse_go2_ws/src/unitree_ros2/cyclonedds_ws/install/unitree_api/share/unitree_api/package.xml
