Determining if the strlcpy exist failed with the following output:
Change Dir: /mnt/nvme_partition/workspaces/lse_go2_ws/src/unitree_ros2/cyclonedds_ws/build/cyclonedds/CMakeFiles/CMakeTmp

Run Build Command(s):/usr/bin/gmake -f Makefile cmTC_35fa9/fast && /usr/bin/gmake  -f CMakeFiles/cmTC_35fa9.dir/build.make CMakeFiles/cmTC_35fa9.dir/build
gmake[1]: Entering directory '/mnt/nvme_partition/workspaces/lse_go2_ws/src/unitree_ros2/cyclonedds_ws/build/cyclonedds/CMakeFiles/CMakeTmp'
Building C object CMakeFiles/cmTC_35fa9.dir/CheckSymbolExists.c.o
/usr/bin/cc   -std=gnu99 -o CMakeFiles/cmTC_35fa9.dir/CheckSymbolExists.c.o -c /mnt/nvme_partition/workspaces/lse_go2_ws/src/unitree_ros2/cyclonedds_ws/build/cyclonedds/CMakeFiles/CMakeTmp/CheckSymbolExists.c
/mnt/nvme_partition/workspaces/lse_go2_ws/src/unitree_ros2/cyclonedds_ws/build/cyclonedds/CMakeFiles/CMakeTmp/CheckSymbolExists.c: In function ‘main’:
/mnt/nvme_partition/workspaces/lse_go2_ws/src/unitree_ros2/cyclonedds_ws/build/cyclonedds/CMakeFiles/CMakeTmp/CheckSymbolExists.c:8:19: error: ‘strlcpy’ undeclared (first use in this function); did you mean ‘strncpy’?
    8 |   return ((int*)(&strlcpy))[argc];
      |                   ^~~~~~~
      |                   strncpy
/mnt/nvme_partition/workspaces/lse_go2_ws/src/unitree_ros2/cyclonedds_ws/build/cyclonedds/CMakeFiles/CMakeTmp/CheckSymbolExists.c:8:19: note: each undeclared identifier is reported only once for each function it appears in
gmake[1]: *** [CMakeFiles/cmTC_35fa9.dir/build.make:78: CMakeFiles/cmTC_35fa9.dir/CheckSymbolExists.c.o] Error 1
gmake[1]: Leaving directory '/mnt/nvme_partition/workspaces/lse_go2_ws/src/unitree_ros2/cyclonedds_ws/build/cyclonedds/CMakeFiles/CMakeTmp'
gmake: *** [Makefile:127: cmTC_35fa9/fast] Error 2


File /mnt/nvme_partition/workspaces/lse_go2_ws/src/unitree_ros2/cyclonedds_ws/build/cyclonedds/CMakeFiles/CMakeTmp/CheckSymbolExists.c:
/* */
#include <string.h>

int main(int argc, char** argv)
{
  (void)argv;
#ifndef strlcpy
  return ((int*)(&strlcpy))[argc];
#else
  (void)argc;
  return 0;
#endif
}
Determining if the strlcat exist failed with the following output:
Change Dir: /mnt/nvme_partition/workspaces/lse_go2_ws/src/unitree_ros2/cyclonedds_ws/build/cyclonedds/CMakeFiles/CMakeTmp

Run Build Command(s):/usr/bin/gmake -f Makefile cmTC_4b925/fast && /usr/bin/gmake  -f CMakeFiles/cmTC_4b925.dir/build.make CMakeFiles/cmTC_4b925.dir/build
gmake[1]: Entering directory '/mnt/nvme_partition/workspaces/lse_go2_ws/src/unitree_ros2/cyclonedds_ws/build/cyclonedds/CMakeFiles/CMakeTmp'
Building C object CMakeFiles/cmTC_4b925.dir/CheckSymbolExists.c.o
/usr/bin/cc   -std=gnu99 -o CMakeFiles/cmTC_4b925.dir/CheckSymbolExists.c.o -c /mnt/nvme_partition/workspaces/lse_go2_ws/src/unitree_ros2/cyclonedds_ws/build/cyclonedds/CMakeFiles/CMakeTmp/CheckSymbolExists.c
/mnt/nvme_partition/workspaces/lse_go2_ws/src/unitree_ros2/cyclonedds_ws/build/cyclonedds/CMakeFiles/CMakeTmp/CheckSymbolExists.c: In function ‘main’:
/mnt/nvme_partition/workspaces/lse_go2_ws/src/unitree_ros2/cyclonedds_ws/build/cyclonedds/CMakeFiles/CMakeTmp/CheckSymbolExists.c:8:19: error: ‘strlcat’ undeclared (first use in this function); did you mean ‘strncat’?
    8 |   return ((int*)(&strlcat))[argc];
      |                   ^~~~~~~
      |                   strncat
/mnt/nvme_partition/workspaces/lse_go2_ws/src/unitree_ros2/cyclonedds_ws/build/cyclonedds/CMakeFiles/CMakeTmp/CheckSymbolExists.c:8:19: note: each undeclared identifier is reported only once for each function it appears in
gmake[1]: *** [CMakeFiles/cmTC_4b925.dir/build.make:78: CMakeFiles/cmTC_4b925.dir/CheckSymbolExists.c.o] Error 1
gmake[1]: Leaving directory '/mnt/nvme_partition/workspaces/lse_go2_ws/src/unitree_ros2/cyclonedds_ws/build/cyclonedds/CMakeFiles/CMakeTmp'
gmake: *** [Makefile:127: cmTC_4b925/fast] Error 2


File /mnt/nvme_partition/workspaces/lse_go2_ws/src/unitree_ros2/cyclonedds_ws/build/cyclonedds/CMakeFiles/CMakeTmp/CheckSymbolExists.c:
/* */
#include <string.h>

int main(int argc, char** argv)
{
  (void)argv;
#ifndef strlcat
  return ((int*)(&strlcat))[argc];
#else
  (void)argc;
  return 0;
#endif
}
Performing C SOURCE FILE Test COMPILER_HAS_HIDDEN_INLINE_VISIBILITY failed with the following output:
Change Dir: /mnt/nvme_partition/workspaces/lse_go2_ws/src/unitree_ros2/cyclonedds_ws/build/cyclonedds/CMakeFiles/CMakeTmp

Run Build Command(s):/usr/bin/gmake -f Makefile cmTC_b62f6/fast && /usr/bin/gmake  -f CMakeFiles/cmTC_b62f6.dir/build.make CMakeFiles/cmTC_b62f6.dir/build
gmake[1]: Entering directory '/mnt/nvme_partition/workspaces/lse_go2_ws/src/unitree_ros2/cyclonedds_ws/build/cyclonedds/CMakeFiles/CMakeTmp'
Building C object CMakeFiles/cmTC_b62f6.dir/src.c.o
/usr/bin/cc -DCOMPILER_HAS_HIDDEN_INLINE_VISIBILITY  -fvisibility-inlines-hidden -std=gnu99 -o CMakeFiles/cmTC_b62f6.dir/src.c.o -c /mnt/nvme_partition/workspaces/lse_go2_ws/src/unitree_ros2/cyclonedds_ws/build/cyclonedds/CMakeFiles/CMakeTmp/src.c
cc1: warning: command-line option '-fvisibility-inlines-hidden' is valid for C++/ObjC++ but not for C
Linking C executable cmTC_b62f6
/usr/bin/cmake -E cmake_link_script CMakeFiles/cmTC_b62f6.dir/link.txt --verbose=1
/usr/bin/cc CMakeFiles/cmTC_b62f6.dir/src.c.o -o cmTC_b62f6 
gmake[1]: Leaving directory '/mnt/nvme_partition/workspaces/lse_go2_ws/src/unitree_ros2/cyclonedds_ws/build/cyclonedds/CMakeFiles/CMakeTmp'


Source file was:
int main(void) { return 0; }
